 FRESCO - FRES 2.9: Coupled Reaction Channels(with LQ stabilization)
 Assuming NAMELIST input.

 16O + 64Zn Coupled Channel Elab=44 MeV                                          

   0.025 100.000   0.500   0.000   0.000   0.000   0.000   0.000   0.000   0.000

 Centre-of-mass Range is   4002 * 0.0250 fm., Maximum at 100.00 fm., Interpolating NL forms every  0.50 fm.
 Non - locality width is      4 * 0.0250 fm., Maximum of   0.08 fm., Centred at  0.00 fm.
 2-Nucleon Separation of      0 * 0.5000 fm., Maximum of   0.00 fm., Minimum at  0.00 fm.
 Maximum single particle bins of100.0000 fm.
               M,Mint =         4001        4001


 Range of total J is     0.0 <= J <=   300.0 (at least     0.0) and Absorbtion =>     0.0000 mb.
 Dry Run = F, CC set limits =  0  0, Relativistic kinematics =  , Both/Far/Near Analyses =  1

 Cross Sections (and up to T1 for 0=projectile) for Theta from  10.0 to-180.0 in steps of  1.0 degrees.  Coordinates = 0 (Mads)

 Lower Radial Cutoff = maximum of -1.60*L*h &       0.0 fm.,  Lower Cutoff for Couplings =   0.0  fm.


 Iterate Couplings between   0 and   1 times, to  0.000 % if sooner.                                          
  Block solved exactly =   0 chs., with Pade = 0 & Isocen =  =0, NOSOL = F, initwf =  0
  NL quadrature with   18 Gaussian points, Calculate multipoles up to   306 from   0
  M-transfers for lp+lt greater than or equal to  6, Angular Integration Cutoff below  2.7778 %


 Trace switches are :  CHANS =  0, LISTCC =  0, TRENEG =  0, CDETR =  0, SMATS =  2, XSTABL =  1, NLPL =  0

                       WAVES =  0, LAMPL =  0, VEFF =  0, KFUS =  1, WDISK =  0, BPM =  1, MELFIL =  0

                       CDCC =  0, NFUS =  0

 Using unit mass = 1.000000 amu and 1/fine-structure constant = 137.03599 ( 1.000000 * true ) with hc = 197.32705 MeV.fm,
  thus 2*amu/hbar^2 = 0.0478450 = 1/20.9008 and Coulomb constant = 0.1574855 so e^2 = 1.43997, and nuclear magneton= 0.1261183

 Now pre-scan input and save to file 3



 *********** PARTITION NUMBER  1 ******************************************************************************************

   PROJ=16O        MASS= 16.0000 Z=   8.0,        # STATES=    2T, TARG=64Zn     MASS= 64.0000 Z=  30.0,     Q-VALUE =   0.0000 MEV.

     1:  J= 0.0+ (B# 1), E=  0.0000, K= 0.0              Potl#  1       J= 0.0+ (B# 1), E=  0.0000, K= 0.0    

     2:  J= 0.0+ (B# 1), E=  0.0000, K= 0.0              Potl#  1       J= 2.0+ (B# 1), E=  0.9900, K= 0.0    
                                  (Just State  1)


 ************************************************************************************************************************************

 The following POTENTIALS are defined :

  KP#       TYPE      IT    SHAPE      at     V1        r1        a1        V2        r2        a2        A-in     A-used


                                            A#1       A#2        r0c       ac                                                h @ 1
    1    0=Coulomb       0=CHARGE (WS)  1    64.000    16.000    1.2500    0.0000    0.0000    0.0000     0.000   277.148   0.02500

                                           Mn(E1)    Mn(E2)    Mn(E3)  .....
    1   11=Target defm  10=derivatives  2    0.0000   40.9800    0.0000    0.0000    0.0000    0.0000     0.000     8.150= RADIUS

              At    2 is k =  2 (Potl. beta = 0.08615)
                                     Beta of targ. = 0.22888 (using radius of 5.000 fm.).

    1    1=Volume        0=Woods-Saxon  3   45.6900    1.2500    0.5590    0.0000    0.0000    0.0000     0.000   277.148

                                            Def1      Def2      Def3   .....
    1   11=Target defm  10=derivatives  4    0.0000    1.2250    0.0000    0.0000    0.0000    0.0000     0.000     8.150= RADIUS

              At    4 is k =  2 (Potl. beta = 0.15031)
                                     Beta of targ. = 0.24500 (using radius of 5.000 fm.).

    1    1=Volume        0=Woods-Saxon  5    0.0000    0.0000    0.0000   12.0900    1.2500    0.5630     0.000   277.148

                                            Def1      Def2      Def3   .....
    1   11=Target defm  10=derivatives  6    0.0000    0.4400    0.0000    0.0000    0.0000    0.0000     0.000     8.150= RADIUS

              At    6 is k =  2 (Potl. beta = 0.05399)
                                     Beta of targ. = 0.08800 (using radius of 5.000 fm.).
0Incoming partition  1 in excitation state # 1,   Laboratory Energy given for partition  1 Nucleus 1 in Excitation pair 1

0Lab. ENERGY ranges :

   from    44.0000     to   0.00000     in     0 intervals
   from    0.00000     to   0.00000     in     0 intervals
   from    0.00000     to   0.00000     in     0 intervals

 Largest real,imaginary parts of any form factor at R=   99.75 are   1.44E-02  3.24E-32 MeV
 Finished all Couplings @   1.3460000E-03           6

 Symmetric Hamiltonian
1***********************************************************************************************************************************
************************************************************************************************************************************

        INCOMING 16O      ;    LABORATORY 16O      ENERGY =   44.000     MeV.

 ***********************************************************************************************************************************
 ***********************************************************************************************************************************


  NOTE: Coulomb excitation cut off below   8.691 deg by JTMAX, and below   5.625 deg by Rmax

 Allocate arrays for            2  channels, of which            1  need wfs.

 Total SPIN, PARITY =     0.0 +,    2 chs,    0 cc.  Rmin & Coul turning =    0.0    9.8
   S-matrix    1 =    0.18628   0.10605 for L=    0, J=    0.0 channel on core I =   0.0 from L=    0,  Acc. loss =  0.0 D.
 Elastic phase shift   1 =   14.827  44.122 deg. for the L =    0, J =    0.0 channel.
       0.0  0.18627661  0.10604779i: elastic S-matrix  @@      0.00  0   0 F  0
 Reaction Xsec     0.0+/ 0 @ 1 =   1.390 , Out:   0.000#   0.032    1.359f   1.390c
 
 Allocate arrays for            3  channels, of which            1  need wfs.

 Total SPIN, PARITY =     1.0 -,    3 chs,    0 cc.  Rmin & Coul turning =    0.0    9.8
   S-matrix    1 =    0.18920   0.10944 for L=    1, J=    1.0 channel on core I =   0.0 from L=    1,  Acc. loss =  0.0 D.
 Elastic phase shift   1 =   15.024  43.563 deg. for the L =    1, J =    1.0 channel.
       1.0  0.18919886  0.10944101i: elastic S-matrix  @@      0.00  0   0 F  0
 Reaction Xsec     1.0-/ 1 @ 1 =   4.163 , Out:   0.000#   0.109    4.054f   4.163c
 
 Allocate arrays for            4  channels, of which            1  need wfs.

 Total SPIN, PARITY =     2.0 +,    4 chs,    0 cc.  Rmin & Coul turning =    0.1    9.8
   S-matrix    1 =    0.19519   0.11635 for L=    2, J=    2.0 channel on core I =   0.0 from L=    2,  Acc. loss =  0.0 D.
 Elastic phase shift   1 =   15.399  42.450 deg. for the L =    2, J =    2.0 channel.
       2.0  0.19518825  0.11634669i: elastic S-matrix  @@      0.00  0   0 F  0
 Reaction Xsec     2.0+/ 2 @ 1 =   6.910 , Out:   0.000#   0.243    6.668f   6.910c
 

 Total SPIN, PARITY =     3.0 -,    4 chs,    0 cc.  Rmin & Coul turning =    0.1    9.9
   S-matrix    1 =    0.20456   0.12699 for L=    3, J=    3.0 channel on core I =   0.0 from L=    3,  Acc. loss =  0.0 D.
 Elastic phase shift   1 =   15.916  40.792 deg. for the L =    3, J =    3.0 channel.
       3.0  0.20455720  0.12699219i: elastic S-matrix  @@      0.00  0   0 F  0
 Reaction Xsec     3.0-/ 3 @ 1 =   9.610 , Out:   0.000#   0.365    9.245f   9.610c
 

 Total SPIN, PARITY =     4.0 +,    4 chs,    0 cc.  Rmin & Coul turning =    0.2    9.9
   S-matrix    1 =    0.21783   0.14168 for L=    4, J=    4.0 channel on core I =   0.0 from L=    4,  Acc. loss =  0.0 D.
 Elastic phase shift   1 =   16.520  38.607 deg. for the L =    4, J =    4.0 channel.
       4.0  0.21783264  0.14167927i: elastic S-matrix  @@      0.00  0   0 F  0
 Reaction Xsec     4.0+/ 4 @ 1 =  12.230 , Out:   0.000#   0.503   11.728f  12.230c
 

 Total SPIN, PARITY =     5.0 -,    4 chs,    0 cc.  Rmin & Coul turning =    0.2   10.0
   S-matrix    1 =    0.23583   0.16072 for L=    5, J=    5.0 channel on core I =   0.0 from L=    5,  Acc. loss =  0.0 D.
 Elastic phase shift   1 =   17.137  35.922 deg. for the L =    5, J =    5.0 channel.
       5.0  0.23582868  0.16071765i: elastic S-matrix  @@      0.00  0   0 F  0
 Reaction Xsec     5.0-/ 5 @ 1 =  14.725 , Out:   0.000#   0.658   14.067f  14.725c
 

 Total SPIN, PARITY =     6.0 +,    4 chs,    0 cc.  Rmin & Coul turning =    0.2   10.0
   S-matrix    1 =    0.25974   0.18429 for L=    6, J=    6.0 channel on core I =   0.0 from L=    6,  Acc. loss =  0.0 D.
 Elastic phase shift   1 =   17.678  32.779 deg. for the L =    6, J =    6.0 channel.
       6.0  0.25973998  0.18428685i: elastic S-matrix  @@      0.00  0   0 F  0
 Reaction Xsec     6.0+/ 6 @ 1 =  17.024 , Out:   0.000#   0.826   16.198f  17.024c
 

 Total SPIN, PARITY =     7.0 -,    4 chs,    0 cc.  Rmin & Coul turning =    0.3   10.1
   S-matrix    1 =    0.29122   0.21219 for L=    7, J=    7.0 channel on core I =   0.0 from L=    7,  Acc. loss =  0.0 D.
 Elastic phase shift   1 =   18.039  29.242 deg. for the L =    7, J =    7.0 channel.
       7.0  0.29122011  0.21218718i: elastic S-matrix  @@      0.00  0   0 F  0
 Reaction Xsec     7.0-/ 7 @ 1 =  19.022 , Out:   0.000#   0.991   18.031f  19.022c
 

 Total SPIN, PARITY =     8.0 +,    4 chs,    0 cc.  Rmin & Coul turning =    0.3   10.1
   S-matrix    1 =    0.33236   0.24342 for L=    8, J=    8.0 channel on core I =   0.0 from L=    8,  Acc. loss =  0.0 D.
 Elastic phase shift   1 =   18.110  25.405 deg. for the L =    8, J =    8.0 channel.
       8.0  0.33236095  0.24342268i: elastic S-matrix  @@      0.00  0   0 F  0
 Reaction Xsec     8.0+/ 8 @ 1 =  20.570 , Out:   0.000#   1.127   19.443f  20.570c
 

 Total SPIN, PARITY =     9.0 -,    4 chs,    0 cc.  Rmin & Coul turning =    0.4   10.2
   S-matrix    1 =    0.38537   0.27563 for L=    9, J=    9.0 channel on core I =   0.0 from L=    9,  Acc. loss =  0.0 D.
 Elastic phase shift   1 =   17.787  21.399 deg. for the L =    9, J =    9.0 channel.
       9.0  0.38537257  0.27563039i: elastic S-matrix  @@      0.00  0   0 F  0
 Reaction Xsec     9.0-/ 9 @ 1 =  21.474 , Out:   0.000#   1.202   20.271f  21.474c
 

 Total SPIN, PARITY =    10.0 +,    4 chs,    0 cc.  Rmin & Coul turning =    0.4   10.3
   S-matrix    1 =    0.45171   0.30458 for L=   10, J=   10.0 channel on core I =   0.0 from L=   10,  Acc. loss =  0.0 D.
 Elastic phase shift   1 =   16.996  17.399 deg. for the L =   10, J =   10.0 channel.
      10.0  0.45170877  0.30457917i: elastic S-matrix  @@      0.00  0   0 F  0
 Reaction Xsec    10.0+/10 @ 1 =  21.521 , Out:   0.000#   1.193   20.328f  21.521c
 

 Total SPIN, PARITY =    11.0 -,    4 chs,    0 cc.  Rmin & Coul turning =    0.4   10.4
   S-matrix    1 =    0.53054   0.32435 for L=   11, J=   11.0 channel on core I =   0.0 from L=   11,  Acc. loss =  0.0 D.
 Elastic phase shift   1 =   15.720  13.610 deg. for the L =   11, J =   11.0 channel.
      11.0  0.53054401  0.32434510i: elastic S-matrix  @@      0.00  0   0 F  0
 Reaction Xsec    11.0-/11 @ 1 =  20.558 , Out:   0.000#   1.108   19.450f  20.558c
 

 Total SPIN, PARITY =    12.0 +,    4 chs,    0 cc.  Rmin & Coul turning =    0.5   10.5
   S-matrix    1 =    0.61730   0.32897 for L=   12, J=   12.0 channel on core I =   0.0 from L=   12,  Acc. loss =  0.0 D.
 Elastic phase shift   1 =   14.027  10.239 deg. for the L =   12, J =   12.0 channel.
      12.0  0.61729810  0.32896647i: elastic S-matrix  @@      0.00  0   0 F  0
 Reaction Xsec    12.0+/12 @ 1 =  18.607 , Out:   0.000#   1.003   17.604f  18.607c
 

 Total SPIN, PARITY =    13.0 -,    4 chs,    0 cc.  Rmin & Coul turning =    0.5   10.6
   S-matrix    1 =    0.70384   0.31540 for L=   13, J=   13.0 channel on core I =   0.0 from L=   13,  Acc. loss =  0.0 D.
 Elastic phase shift   1 =   12.069   7.440 deg. for the L =   13, J =   13.0 channel.
      13.0  0.70384198  0.31540295i: elastic S-matrix  @@      0.00  0   0 F  0
 Reaction Xsec    13.0-/13 @ 1 =  15.941 , Out:   0.000#   0.967   14.974f  15.941c
 

 Total SPIN, PARITY =    14.0 +,    4 chs,    0 cc.  Rmin & Coul turning =    0.6   10.7
   S-matrix    1 =    0.78136   0.28571 for L=   14, J=   14.0 channel on core I =   0.0 from L=   14,  Acc. loss =  0.0 D.
 Elastic phase shift   1 =   10.043   5.270 deg. for the L =   14, J =   14.0 channel.
      14.0  0.78136029  0.28570844i: elastic S-matrix  @@      0.00  0   0 F  0
 Reaction Xsec    14.0+/14 @ 1 =  13.010 , Out:   0.000#   1.073   11.937f  13.010c
 

 Total SPIN, PARITY =    15.0 -,    4 chs,    0 cc.  Rmin & Coul turning =    0.6   10.8
   S-matrix    1 =    0.84410   0.24612 for L=   15, J=   15.0 channel on core I =   0.0 from L=   15,  Acc. loss =  0.0 D.
 Elastic phase shift   1 =    8.128   3.687 deg. for the L =   15, J =   15.0 channel.
      15.0  0.84409629  0.24612039i: elastic S-matrix  @@      0.00  0   0 F  0
 Reaction Xsec    15.0-/15 @ 1 =  10.252 , Out:   0.000#   1.339    8.913f  10.252c
 

 Total SPIN, PARITY =    16.0 +,    4 chs,    0 cc.  Rmin & Coul turning =    0.6   11.0
   S-matrix    1 =    0.89089   0.20378 for L=   16, J=   16.0 channel on core I =   0.0 from L=   16,  Acc. loss =  0.0 D.
 Elastic phase shift   1 =    6.442   2.579 deg. for the L =   16, J =   16.0 channel.
      16.0  0.89089316  0.20377923i: elastic S-matrix  @@      0.00  0   0 F  0
 Reaction Xsec    16.0+/16 @ 1 =   7.925 , Out:   0.000#   1.717    6.207f   7.925c
 

 Total SPIN, PARITY =    17.0 -,    4 chs,    0 cc.  Rmin & Coul turning =    0.7   11.1
   S-matrix    1 =    0.92395   0.16398 for L=   17, J=   17.0 channel on core I =   0.0 from L=   17,  Acc. loss =  0.0 D.
 Elastic phase shift   1 =    5.032   1.822 deg. for the L =   17, J =   17.0 channel.
      17.0  0.92394588  0.16397842i: elastic S-matrix  @@      0.00  0   0 F  0
 Reaction Xsec    17.0-/17 @ 1 =   6.092 , Out:   0.000#   2.136    3.956f   6.092c
 

 Total SPIN, PARITY =    18.0 +,    4 chs,    0 cc.  Rmin & Coul turning =    0.7   11.2
   S-matrix    1 =    0.94665   0.12942 for L=   18, J=   18.0 channel on core I =   0.0 from L=   18,  Acc. loss =  0.0 D.
 Elastic phase shift   1 =    3.892   1.305 deg. for the L =   18, J =   18.0 channel.
      18.0  0.94665177  0.12941855i: elastic S-matrix  @@      0.00  0   0 F  0
 Reaction Xsec    18.0+/18 @ 1 =   4.697 , Out:   0.000#   2.535    2.162f   4.697c
 

 Total SPIN, PARITY =    19.0 -,    4 chs,    0 cc.  Rmin & Coul turning =    0.8   11.4
   S-matrix    1 =    0.96215   0.10083 for L=   19, J=   19.0 channel on core I =   0.0 from L=   19,  Acc. loss =  0.0 D.
 Elastic phase shift   1 =    2.991   0.949 deg. for the L =   19, J =   19.0 channel.
      19.0  0.96215402  0.10082526i: elastic S-matrix  @@      0.00  0   0 F  0
 Reaction Xsec    19.0-/19 @ 1 =   3.643 , Out:   0.000#   2.878    0.765f   3.643c
 

 Total SPIN, PARITY =    20.0 +,    4 chs,    0 cc.  Rmin & Coul turning =    0.8   11.5
   S-matrix    1 =    0.97282   0.07785 for L=   20, J=   20.0 channel on core I =   0.0 from L=   20,  Acc. loss =  0.0 D.
 Elastic phase shift   1 =    2.288   0.698 deg. for the L =   20, J =   20.0 channel.
      20.0  0.97282338  0.07784608i: elastic S-matrix  @@      0.00  0   0 F  0
 Reaction Xsec    20.0+/20 @ 1 =   2.841 , Out:   0.000#   3.152   -0.310f   2.841c
 

 Total SPIN, PARITY =    21.0 -,    4 chs,    0 cc.  Rmin & Coul turning =    0.8   11.7
   S-matrix    1 =    0.98028   0.05970 for L=   21, J=   21.0 channel on core I =   0.0 from L=   21,  Acc. loss =  0.0 D.
 Elastic phase shift   1 =    1.743   0.518 deg. for the L =   21, J =   21.0 channel.
      21.0  0.98027710  0.05970123i: elastic S-matrix  @@      0.00  0   0 F  0
 Reaction Xsec    21.0-/21 @ 1 =   2.224 , Out:   0.000#   3.357   -1.133f   2.224c
 

 Total SPIN, PARITY =    22.0 +,    4 chs,    0 cc.  Rmin & Coul turning =    0.9   11.8
   S-matrix    1 =    0.98557   0.04553 for L=   22, J=   22.0 channel on core I =   0.0 from L=   22,  Acc. loss =  0.0 D.
 Elastic phase shift   1 =    1.323   0.386 deg. for the L =   22, J =   22.0 channel.
      22.0  0.98557001  0.04553372i: elastic S-matrix  @@      0.00  0   0 F  0
 Reaction Xsec    22.0+/22 @ 1 =   1.743 , Out:   0.000#   3.501   -1.758f   1.743c
 

 Total SPIN, PARITY =    23.0 -,    4 chs,    0 cc.  Rmin & Coul turning =    0.9   12.0
   S-matrix    1 =    0.98938   0.03456 for L=   23, J=   23.0 channel on core I =   0.0 from L=   23,  Acc. loss =  0.0 D.
 Elastic phase shift   1 =    1.000   0.288 deg. for the L =   23, J =   23.0 channel.
      23.0  0.98938330  0.03455878i: elastic S-matrix  @@      0.00  0   0 F  0
 Reaction Xsec    23.0-/23 @ 1 =   1.365 , Out:   0.000#   3.592   -2.227f   1.365c
 

 Total SPIN, PARITY =    24.0 +,    4 chs,    0 cc.  Rmin & Coul turning =    1.0   12.1
   S-matrix    1 =    0.99216   0.02611 for L=   24, J=   24.0 channel on core I =   0.0 from L=   24,  Acc. loss =  0.0 D.
 Elastic phase shift   1 =    0.754   0.216 deg. for the L =   24, J =   24.0 channel.
      24.0  0.99216195  0.02611003i: elastic S-matrix  @@      0.00  0   0 F  0
 Reaction Xsec    24.0+/24 @ 1 =   1.066 , Out:   0.000#   3.639   -2.573f   1.066c
 

 Total SPIN, PARITY =    25.0 -,    4 chs,    0 cc.  Rmin & Coul turning =    1.0   12.3
   S-matrix    1 =    0.99420   0.01964 for L=   25, J=   25.0 channel on core I =   0.0 from L=   25,  Acc. loss =  0.0 D.
 Elastic phase shift   1 =    0.566   0.161 deg. for the L =   25, J =   25.0 channel.
      25.0  0.99420317  0.01964154i: elastic S-matrix  @@      0.00  0   0 F  0
 Reaction Xsec    25.0-/25 @ 1 =   0.831 , Out:   0.000#   3.651   -2.820f   0.831c
 

 Total SPIN, PARITY =    26.0 +,    4 chs,    0 cc.  Rmin & Coul turning =    1.0   12.4
   S-matrix    1 =    0.99571   0.01471 for L=   26, J=   26.0 channel on core I =   0.0 from L=   26,  Acc. loss =  0.0 D.
 Elastic phase shift   1 =    0.423   0.120 deg. for the L =   26, J =   26.0 channel.
      26.0  0.99571070  0.01471427i: elastic S-matrix  @@      0.00  0   0 F  0
 Reaction Xsec    26.0+/26 @ 1 =   0.644 , Out:   0.000#   3.634   -2.989f   0.644c
 

 Total SPIN, PARITY =    27.0 -,    4 chs,    0 cc.  Rmin & Coul turning =    1.1   12.6
   S-matrix    1 =    0.99683   0.01098 for L=   27, J=   27.0 channel on core I =   0.0 from L=   27,  Acc. loss =  0.0 D.
 Elastic phase shift   1 =    0.316   0.089 deg. for the L =   27, J =   27.0 channel.
      27.0  0.99682758  0.01097916i: elastic S-matrix  @@      0.00  0   0 F  0
 Reaction Xsec    27.0-/27 @ 1 =   0.498 , Out:   0.000#   3.594   -3.096f   0.498c
 

 Total SPIN, PARITY =    28.0 +,    4 chs,    0 cc.  Rmin & Coul turning =    1.1   12.8
   S-matrix    1 =    0.99766   0.00816 for L=   28, J=   28.0 channel on core I =   0.0 from L=   28,  Acc. loss =  0.0 D.
 Elastic phase shift   1 =    0.234   0.066 deg. for the L =   28, J =   28.0 channel.
      28.0  0.99765625  0.00816090i: elastic S-matrix  @@      0.00  0   0 F  0
 Reaction Xsec    28.0+/28 @ 1 =   0.383 , Out:   0.000#   3.537   -3.154f   0.383c
 

 Total SPIN, PARITY =    29.0 -,    4 chs,    0 cc.  Rmin & Coul turning =    1.2   12.9
   S-matrix    1 =    0.99827   0.00604 for L=   29, J=   29.0 channel on core I =   0.0 from L=   29,  Acc. loss =  0.0 D.
 Elastic phase shift   1 =    0.173   0.049 deg. for the L =   29, J =   29.0 channel.
      29.0  0.99827120  0.00604394i: elastic S-matrix  @@      0.00  0   0 F  0
 Reaction Xsec    29.0-/29 @ 1 =   0.294 , Out:   0.000#   3.467   -3.173f   0.294c
 

 Total SPIN, PARITY =    30.0 +,    4 chs,    0 cc.  Rmin & Coul turning =    1.2   13.1
   S-matrix    1 =    0.99873   0.00446 for L=   30, J=   30.0 channel on core I =   0.0 from L=   30,  Acc. loss =  0.0 D.
 Elastic phase shift   1 =    0.128   0.036 deg. for the L =   30, J =   30.0 channel.
      30.0  0.99872723  0.00446055i: elastic S-matrix  @@      0.00  0   0 F  0
 Reaction Xsec    30.0+/30 @ 1 =   0.224 , Out:   0.000#   3.387   -3.162f   0.224c
 

 Total SPIN, PARITY =    31.0 -,    4 chs,    0 cc.  Rmin & Coul turning =    1.2   13.3
   S-matrix    1 =    0.99906   0.00328 for L=   31, J=   31.0 channel on core I =   0.0 from L=   31,  Acc. loss =  0.0 D.
 Elastic phase shift   1 =    0.094   0.027 deg. for the L =   31, J =   31.0 channel.
      31.0  0.99906495  0.00328109i: elastic S-matrix  @@      0.00  0   0 F  0
 Reaction Xsec    31.0-/31 @ 1 =   0.171 , Out:   0.000#   3.299   -3.129f   0.171c
 

 Total SPIN, PARITY =    32.0 +,    4 chs,    0 cc.  Rmin & Coul turning =    1.3   13.5
   S-matrix    1 =    0.99931   0.00241 for L=   32, J=   32.0 channel on core I =   0.0 from L=   32,  Acc. loss =  0.0 D.
 Elastic phase shift   1 =    0.069   0.020 deg. for the L =   32, J =   32.0 channel.
      32.0  0.99931459  0.00240592i: elastic S-matrix  @@      0.00  0   0 F  0
 Reaction Xsec    32.0+/32 @ 1 =   0.129 , Out:   0.000#   3.207   -3.078f   0.129c
 

 Total SPIN, PARITY =    33.0 -,    4 chs,    0 cc.  Rmin & Coul turning =    1.3   13.6
   S-matrix    1 =    0.99950   0.00176 for L=   33, J=   33.0 channel on core I =   0.0 from L=   33,  Acc. loss =  0.0 D.
 Elastic phase shift   1 =    0.050   0.014 deg. for the L =   33, J =   33.0 channel.
      33.0  0.99949874  0.00175893i: elastic S-matrix  @@      0.00  0   0 F  0
 Reaction Xsec    33.0-/33 @ 1 =   0.098 , Out:   0.000#   3.112   -3.014f   0.098c
 

 Total SPIN, PARITY =    34.0 +,    4 chs,    0 cc.  Rmin & Coul turning =    1.4   13.8
   S-matrix    1 =    0.99963   0.00128 for L=   34, J=   34.0 channel on core I =   0.0 from L=   34,  Acc. loss =  0.0 D.
 Elastic phase shift   1 =    0.037   0.010 deg. for the L =   34, J =   34.0 channel.
      34.0  0.99963426  0.00128230i: elastic S-matrix  @@      0.00  0   0 F  0
 Reaction Xsec    34.0+/34 @ 1 =   0.073 , Out:   0.000#   3.015   -2.941f   0.073c
 

 Total SPIN, PARITY =    35.0 -,    4 chs,    0 cc.  Rmin & Coul turning =    1.4   14.0
   S-matrix    1 =    0.99973   0.00093 for L=   35, J=   35.0 channel on core I =   0.0 from L=   35,  Acc. loss =  0.0 D.
 Elastic phase shift   1 =    0.027   0.008 deg. for the L =   35, J =   35.0 channel.
      35.0  0.99973375  0.00093233i: elastic S-matrix  @@      0.00  0   0 F  0
 Reaction Xsec    35.0-/35 @ 1 =   0.055 , Out:   0.000#   2.917   -2.862f   0.055c
 

 Total SPIN, PARITY =    36.0 +,    4 chs,    0 cc.  Rmin & Coul turning =    1.4   14.2
   S-matrix    1 =    0.99981   0.00068 for L=   36, J=   36.0 channel on core I =   0.0 from L=   36,  Acc. loss =  0.0 D.
 Elastic phase shift   1 =    0.019   0.006 deg. for the L =   36, J =   36.0 channel.
      36.0  0.99980661  0.00067616i: elastic S-matrix  @@      0.00  0   0 F  0
 Reaction Xsec    36.0+/36 @ 1 =   0.041 , Out:   0.000#   2.820   -2.779f   0.041c
 

 Total SPIN, PARITY =    37.0 -,    4 chs,    0 cc.  Rmin & Coul turning =    1.5   14.4
   S-matrix    1 =    0.99986   0.00049 for L=   37, J=   37.0 channel on core I =   0.0 from L=   37,  Acc. loss =  0.0 D.
 Elastic phase shift   1 =    0.014   0.004 deg. for the L =   37, J =   37.0 channel.
      37.0  0.99985984  0.00048920i: elastic S-matrix  @@      0.00  0   0 F  0
 Reaction Xsec    37.0-/37 @ 1 =   0.031 , Out:   0.000#   2.723   -2.693f   0.031c
 

 Total SPIN, PARITY =    38.0 +,    4 chs,    0 cc.  Rmin & Coul turning =    1.5   14.5
   S-matrix    1 =    0.99990   0.00035 for L=   38, J=   38.0 channel on core I =   0.0 from L=   38,  Acc. loss =  0.0 D.
 Elastic phase shift   1 =    0.010   0.003 deg. for the L =   38, J =   38.0 channel.
      38.0  0.99989863  0.00035314i: elastic S-matrix  @@      0.00  0   0 F  0
 Reaction Xsec    38.0+/38 @ 1 =   0.023 , Out:   0.000#   2.629   -2.606f   0.023c
 

 Total SPIN, PARITY =    39.0 -,    4 chs,    0 cc.  Rmin & Coul turning =    1.6   14.7
   S-matrix    1 =    0.99993   0.00025 for L=   39, J=   39.0 channel on core I =   0.0 from L=   39,  Acc. loss =  0.0 D.
 Elastic phase shift   1 =    0.007   0.002 deg. for the L =   39, J =   39.0 channel.
      39.0  0.99992683  0.00025438i: elastic S-matrix  @@      0.00  0   0 F  0
 Reaction Xsec    39.0-/39 @ 1 =   0.017 , Out:   0.000#   2.536   -2.519f   0.017c
 

 Total SPIN, PARITY =    40.0 +,    4 chs,    0 cc.  Rmin & Coul turning =    1.6   14.9
   S-matrix    1 =    0.99995   0.00018 for L=   40, J=   40.0 channel on core I =   0.0 from L=   40,  Acc. loss =  0.0 D.
 Elastic phase shift   1 =    0.005   0.002 deg. for the L =   40, J =   40.0 channel.
      40.0  0.99994729  0.00018286i: elastic S-matrix  @@      0.00  0   0 F  0
 Reaction Xsec    40.0+/40 @ 1 =   0.012 , Out:   0.000#   2.445   -2.433f   0.012c
 

 Total SPIN, PARITY =    41.0 -,    4 chs,    0 cc.  Rmin & Coul turning =    1.6   15.1
   S-matrix    1 =    0.99996   0.00013 for L=   41, J=   41.0 channel on core I =   0.0 from L=   41,  Acc. loss =  0.0 D.
 Elastic phase shift   1 =    0.004   0.001 deg. for the L =   41, J =   41.0 channel.
      41.0  0.99996210  0.00013120i: elastic S-matrix  @@      0.00  0   0 F  0
 Reaction Xsec    41.0-/41 @ 1 =   9.167/, Out:   0.000#   2.357   -2.348f   0.009c
 

 Total SPIN, PARITY =    42.0 +,    4 chs,    0 cc.  Rmin & Coul turning =    1.7   15.3
   S-matrix    1 =    0.99997   0.00009 for L=   42, J=   42.0 channel on core I =   0.0 from L=   42,  Acc. loss =  0.0 D.
 Elastic phase shift   1 =    0.003   0.001 deg. for the L =   42, J =   42.0 channel.
      42.0  0.99997279  0.00009397i: elastic S-matrix  @@      0.00  0   0 F  0
 Reaction Xsec    42.0+/42 @ 1 =   6.739/, Out:   0.000#   2.271   -2.264f   0.007c
 

 Total SPIN, PARITY =    43.0 -,    4 chs,    0 cc.  Rmin & Coul turning =    1.7   15.5
   S-matrix    1 =    0.99998   0.00007 for L=   43, J=   43.0 channel on core I =   0.0 from L=   43,  Acc. loss =  0.0 D.
 Elastic phase shift   1 =    0.002   0.001 deg. for the L =   43, J =   43.0 channel.
      43.0  0.99998050  0.00006718i: elastic S-matrix  @@      0.00  0   0 F  0
 Reaction Xsec    43.0-/43 @ 1 =   4.943/, Out:   0.000#   2.188   -2.183f   0.005c
 

 Total SPIN, PARITY =    44.0 +,    4 chs,    0 cc.  Rmin & Coul turning =    1.8   15.7
   S-matrix    1 =    0.99999   0.00005 for L=   44, J=   44.0 channel on core I =   0.0 from L=   44,  Acc. loss =  0.0 D.
 Elastic phase shift   1 =    0.001   0.000 deg. for the L =   44, J =   44.0 channel.
      44.0  0.99998605  0.00004796i: elastic S-matrix  @@      0.00  0   0 F  0
 Reaction Xsec    44.0+/44 @ 1 =   3.618/, Out:   0.000#   2.107   -2.104f   0.004c
 

 Total SPIN, PARITY =    45.0 -,    4 chs,    0 cc.  Rmin & Coul turning =    1.8   15.9
   S-matrix    1 =    0.99999   0.00003 for L=   45, J=   45.0 channel on core I =   0.0 from L=   45,  Acc. loss =  0.0 D.
 Elastic phase shift   1 =    0.001   0.000 deg. for the L =   45, J =   45.0 channel.
      45.0  0.99999004  0.00003418i: elastic S-matrix  @@      0.00  0   0 F  0
 Reaction Xsec    45.0-/45 @ 1 =   2.643/, Out:   0.000#   2.029   -2.027f   0.003c
 

 Total SPIN, PARITY =    46.0 +,    4 chs,    0 cc.  Rmin & Coul turning =    1.8   16.1
   S-matrix    1 =    0.99999   0.00002 for L=   46, J=   46.0 channel on core I =   0.0 from L=   46,  Acc. loss =  0.0 D.
 Elastic phase shift   1 =    0.001   0.000 deg. for the L =   46, J =   46.0 channel.
      46.0  0.99999289  0.00002432i: elastic S-matrix  @@      0.00  0   0 F  0
 Reaction Xsec    46.0+/46 @ 1 =   1.926/, Out:   0.000#   1.954   -1.952f   0.002c
 

 Total SPIN, PARITY =    47.0 -,    4 chs,    0 cc.  Rmin & Coul turning =    1.9   16.3
   S-matrix    1 =    0.99999   0.00002 for L=   47, J=   47.0 channel on core I =   0.0 from L=   47,  Acc. loss =  0.0 D.
 Elastic phase shift   1 =    0.000   0.000 deg. for the L =   47, J =   47.0 channel.
      47.0  0.99999494  0.00001729i: elastic S-matrix  @@      0.00  0   0 F  0
 Reaction Xsec    47.0-/47 @ 1 =   1.402/, Out:   0.000#   1.881   -1.880f   0.001c
 

 Total SPIN, PARITY =    48.0 +,    4 chs,    0 cc.  Rmin & Coul turning =    1.9   16.5
   S-matrix    1 =    1.00000   0.00001 for L=   48, J=   48.0 channel on core I =   0.0 from L=   48,  Acc. loss =  0.0 D.
 Elastic phase shift   1 =    0.000   0.000 deg. for the L =   48, J =   48.0 channel.
      48.0  0.99999640  0.00001227i: elastic S-matrix  @@      0.00  0   0 F  0
 Reaction Xsec    48.0+/48 @ 1 =   1.018/, Out:   0.000#   1.811   -1.810f   0.001c
 

 Total SPIN, PARITY =    49.0 -,    4 chs,    0 cc.  Rmin & Coul turning =    2.0   16.6
   S-matrix    1 =    1.00000   0.00001 for L=   49, J=   49.0 channel on core I =   0.0 from L=   49,  Acc. loss =  0.0 D.
 Elastic phase shift   1 =    0.000   0.000 deg. for the L =   49, J =   49.0 channel.
      49.0  0.99999744  0.00000870i: elastic S-matrix  @@      0.00  0   0 F  0
 Reaction Xsec    49.0-/49 @ 1 =   0.738/, Out:   0.000#   1.744   -1.743f   0.001c
 

 Total SPIN, PARITY =    50.0 +,    4 chs,    0 cc.  Rmin & Coul turning =    2.0   16.8
   S-matrix    1 =    1.00000   0.00001 for L=   50, J=   50.0 channel on core I =   0.0 from L=   50,  Acc. loss =  0.0 D.
 Elastic phase shift   1 =    0.000   0.000 deg. for the L =   50, J =   50.0 channel.
      50.0  0.99999818  0.00000616i: elastic S-matrix  @@      0.00  0   0 F  0
 Reaction Xsec    50.0+/50 @ 1 =   0.535/, Out:   0.000#   1.679   -1.678f   0.001c
 

 Total SPIN, PARITY =    51.0 -,    4 chs,    0 cc.  Rmin & Coul turning =    2.0   17.0
   S-matrix    1 =    1.00000   0.00000 for L=   51, J=   51.0 channel on core I =   0.0 from L=   51,  Acc. loss =  0.0 D.
 Elastic phase shift   1 =    0.000   0.000 deg. for the L =   51, J =   51.0 channel.
      51.0  0.99999871  0.00000436i: elastic S-matrix  @@      0.00  0   0 F  0
 Reaction Xsec    51.0-/51 @ 1 =   0.386/, Out:   0.000#   1.616   -1.616f   0.000c
 

 Total SPIN, PARITY =    52.0 +,    4 chs,    0 cc.  Rmin & Coul turning =    2.1   17.2
   S-matrix    1 =    1.00000   0.00000 for L=   52, J=   52.0 channel on core I =   0.0 from L=   52,  Acc. loss =  0.0 D.
 Elastic phase shift   1 =    0.000   0.000 deg. for the L =   52, J =   52.0 channel.
      52.0  0.99999909  0.00000308i: elastic S-matrix  @@      0.00  0   0 F  0
 Reaction Xsec    52.0+/52 @ 1 =   0.279/, Out:   0.000#   1.556   -1.555f   0.000c
 

 Total SPIN, PARITY =    53.0 -,    4 chs,    0 cc.  Rmin & Coul turning =    2.1   17.4
   S-matrix    1 =    1.00000   0.00000 for L=   53, J=   53.0 channel on core I =   0.0 from L=   53,  Acc. loss =  0.0 D.
 Elastic phase shift   1 =    0.000   0.000 deg. for the L =   53, J =   53.0 channel.
      53.0  0.99999936  0.00000218i: elastic S-matrix  @@      0.00  0   0 F  0
 Reaction Xsec    53.0-/53 @ 1 =   0.201/, Out:   0.000#   1.498   -1.498f   0.000c
 

 Total SPIN, PARITY =    54.0 +,    4 chs,    0 cc.  Rmin & Coul turning =    2.1   17.6
   S-matrix    1 =    1.00000   0.00000 for L=   54, J=   54.0 channel on core I =   0.0 from L=   54,  Acc. loss =  0.0 D.
 Elastic phase shift   1 =    0.000   0.000 deg. for the L =   54, J =   54.0 channel.
      54.0  0.99999954  0.00000154i: elastic S-matrix  @@      0.00  0   0 F  0
 Reaction Xsec    54.0+/54 @ 1 =   0.145/, Out:   0.000#   1.442   -1.442f   0.000c
 

 Total SPIN, PARITY =    55.0 -,    4 chs,    0 cc.  Rmin & Coul turning =    2.2   17.8
   S-matrix    1 =    1.00000   0.00000 for L=   55, J=   55.0 channel on core I =   0.0 from L=   55,  Acc. loss =  0.0 D.
 Elastic phase shift   1 =    0.000   0.000 deg. for the L =   55, J =   55.0 channel.
      55.0  0.99999968  0.00000108i: elastic S-matrix  @@      0.00  0   0 F  0
 Reaction Xsec    55.0-/55 @ 1 =   0.104/, Out:   0.000#   1.389   -1.388f   0.000c
 

 Total SPIN, PARITY =    56.0 +,    4 chs,    0 cc.  Rmin & Coul turning =    2.2   18.0
   S-matrix    1 =    1.00000   0.00000 for L=   56, J=   56.0 channel on core I =   0.0 from L=   56,  Acc. loss =  0.0 D.
 Elastic phase shift   1 =    0.000   0.000 deg. for the L =   56, J =   56.0 channel.
      56.0  0.99999977  0.00000077i: elastic S-matrix  @@      0.00  0   0 F  0
 Reaction Xsec    56.0+/56 @ 1 =   0.075/, Out:   0.000#   1.337   -1.337f   0.000c
 

 Total SPIN, PARITY =    57.0 -,    4 chs,    0 cc.  Rmin & Coul turning =    2.3   18.2
   S-matrix    1 =    1.00000   0.00000 for L=   57, J=   57.0 channel on core I =   0.0 from L=   57,  Acc. loss =  0.0 D.
 Elastic phase shift   1 =    0.000   0.000 deg. for the L =   57, J =   57.0 channel.
      57.0  0.99999984  0.00000054i: elastic S-matrix  @@      0.00  0   0 F  0
 Reaction Xsec    57.0-/57 @ 1 =   0.054/, Out:   0.000#   1.288   -1.288f   0.000c
 

 Total SPIN, PARITY =    58.0 +,    4 chs,    0 cc.  Rmin & Coul turning =    2.3   18.4
   S-matrix    1 =    1.00000   0.00000 for L=   58, J=   58.0 channel on core I =   0.0 from L=   58,  Acc. loss =  0.0 D.
 Elastic phase shift   1 =    0.000   0.000 deg. for the L =   58, J =   58.0 channel.
      58.0  0.99999989  0.00000038i: elastic S-matrix  @@      0.00  0   0 F  0
 Reaction Xsec    58.0+/58 @ 1 =   0.038/, Out:   0.000#   1.240   -1.240f   0.000c
 

 Total SPIN, PARITY =    59.0 -,    4 chs,    0 cc.  Rmin & Coul turning =    2.4   18.6
   S-matrix    1 =    1.00000   0.00000 for L=   59, J=   59.0 channel on core I =   0.0 from L=   59,  Acc. loss =  0.0 D.
 Elastic phase shift   1 =    0.000   0.000 deg. for the L =   59, J =   59.0 channel.
      59.0  0.99999992  0.00000027i: elastic S-matrix  @@      0.00  0   0 F  0
 Reaction Xsec    59.0-/59 @ 1 =   0.027/, Out:   0.000#   1.194   -1.194f   0.000c
 

 Total SPIN, PARITY =    60.0 +,    4 chs,    0 cc.  Rmin & Coul turning =    2.4   18.8
   S-matrix    1 =    1.00000   0.00000 for L=   60, J=   60.0 channel on core I =   0.0 from L=   60,  Acc. loss =  0.0 D.
 Elastic phase shift   1 =    0.000   0.000 deg. for the L =   60, J =   60.0 channel.
      60.0  0.99999994  0.00000019i: elastic S-matrix  @@      0.00  0   0 F  0
 Reaction Xsec    60.0+/60 @ 1 =   0.020/, Out:   0.000#   1.150   -1.150f   0.000c
 

 Total SPIN, PARITY =    61.0 -,    4 chs,    0 cc.  Rmin & Coul turning =    2.4   19.0
   S-matrix    1 =    1.00000   0.00000 for L=   61, J=   61.0 channel on core I =   0.0 from L=   61,  Acc. loss =  0.0 D.
 Elastic phase shift   1 =    0.000   0.000 deg. for the L =   61, J =   61.0 channel.
      61.0  0.99999996  0.00000014i: elastic S-matrix  @@      0.00  0   0 F  0
 Reaction Xsec    61.0-/61 @ 1 =   0.014/, Out:   0.000#   1.108   -1.108f   0.000c
 

 Total SPIN, PARITY =    62.0 +,    4 chs,    0 cc.  Rmin & Coul turning =    2.5   19.2
   S-matrix    1 =    1.00000   0.00000 for L=   62, J=   62.0 channel on core I =   0.0 from L=   62,  Acc. loss =  0.0 D.
 Elastic phase shift   1 =    0.000   0.000 deg. for the L =   62, J =   62.0 channel.
      62.0  0.99999997  0.00000010i: elastic S-matrix  @@      0.00  0   0 F  0
 Reaction Xsec    62.0+/62 @ 1 =   0.010/, Out:   0.000#   1.068   -1.068f   0.000c
 

 Total SPIN, PARITY =    63.0 -,    4 chs,    0 cc.  Rmin & Coul turning =    2.5   19.4
   S-matrix    1 =    1.00000   0.00000 for L=   63, J=   63.0 channel on core I =   0.0 from L=   63,  Acc. loss =  0.0 D.
 Elastic phase shift   1 =    0.000   0.000 deg. for the L =   63, J =   63.0 channel.
      63.0  0.99999998  0.00000007i: elastic S-matrix  @@      0.00  0   0 F  0
 Reaction Xsec    63.0-/63 @ 1 =   7.134#, Out:   0.000#   1.029   -1.029f   0.000c
 

 Total SPIN, PARITY =    64.0 +,    4 chs,    0 cc.  Rmin & Coul turning =    2.6   19.6
   S-matrix    1 =    1.00000   0.00000 for L=   64, J=   64.0 channel on core I =   0.0 from L=   64,  Acc. loss =  0.0 D.
 Elastic phase shift   1 =    0.000   0.000 deg. for the L =   64, J =   64.0 channel.
      64.0  0.99999999  0.00000005i: elastic S-matrix  @@      0.00  0   0 F  0
 Reaction Xsec    64.0+/64 @ 1 =   5.081#, Out:   0.000#   0.991   -0.991f   0.000c
 

 Total SPIN, PARITY =    65.0 -,    4 chs,    0 cc.  Rmin & Coul turning =    2.6   19.8
   S-matrix    1 =    1.00000   0.00000 for L=   65, J=   65.0 channel on core I =   0.0 from L=   65,  Acc. loss =  0.0 D.
 Elastic phase shift   1 =    0.000   0.000 deg. for the L =   65, J =   65.0 channel.
      65.0  0.99999999  0.00000004i: elastic S-matrix  @@      0.00  0   0 F  0
 Reaction Xsec    65.0-/65 @ 1 =   3.615#, Out:   0.000#   0.955   -0.955f   0.000c
 

 Total SPIN, PARITY =    66.0 +,    4 chs,    0 cc.  Rmin & Coul turning =    2.6   20.0
   S-matrix    1 =    1.00000   0.00000 for L=   66, J=   66.0 channel on core I =   0.0 from L=   66,  Acc. loss =  0.0 D.
 Elastic phase shift   1 =    0.000   0.000 deg. for the L =   66, J =   66.0 channel.
      66.0  0.99999999  0.00000003i: elastic S-matrix  @@      0.00  0   0 F  0
 Reaction Xsec    66.0+/66 @ 1 =   2.570#, Out:   0.000#   0.920   -0.920f   0.000c
 

 Total SPIN, PARITY =    67.0 -,    4 chs,    0 cc.  Rmin & Coul turning =    2.7   20.3
   S-matrix    1 =    1.00000   0.00000 for L=   67, J=   67.0 channel on core I =   0.0 from L=   67,  Acc. loss =  0.0 D.
 Elastic phase shift   1 =    0.000   0.000 deg. for the L =   67, J =   67.0 channel.
      67.0  1.00000000  0.00000002i: elastic S-matrix  @@      0.00  0   0 F  0
 Reaction Xsec    67.0-/67 @ 1 =   1.826#, Out:   0.000#   0.887   -0.887f   0.000c
 

 Total SPIN, PARITY =    68.0 +,    4 chs,    0 cc.  Rmin & Coul turning =    2.7   20.5
   S-matrix    1 =    1.00000   0.00000 for L=   68, J=   68.0 channel on core I =   0.0 from L=   68,  Acc. loss =  0.0 D.
 Elastic phase shift   1 =    0.000   0.000 deg. for the L =   68, J =   68.0 channel.
      68.0  1.00000000  0.00000002i: elastic S-matrix  @@      0.00  0   0 F  0
 Reaction Xsec    68.0+/68 @ 1 =   1.296#, Out:   0.000#   0.855   -0.855f   0.000c
 

 Total SPIN, PARITY =    69.0 -,    4 chs,    0 cc.  Rmin & Coul turning =    2.8   20.7
   S-matrix    1 =    1.00000   0.00000 for L=   69, J=   69.0 channel on core I =   0.0 from L=   69,  Acc. loss =  0.0 D.
 Elastic phase shift   1 =    0.000   0.000 deg. for the L =   69, J =   69.0 channel.
      69.0  1.00000000  0.00000001i: elastic S-matrix  @@      0.00  0   0 F  0
 Reaction Xsec    69.0-/69 @ 1 =   0.920#, Out:   0.000#   0.824   -0.824f   0.000c
 

 Total SPIN, PARITY =    70.0 +,    4 chs,    0 cc.  Rmin & Coul turning =    2.8   20.9
   S-matrix    1 =    1.00000   0.00000 for L=   70, J=   70.0 channel on core I =   0.0 from L=   70,  Acc. loss =  0.0 D.
 Elastic phase shift   1 =    0.000   0.000 deg. for the L =   70, J =   70.0 channel.
      70.0  1.00000000  0.00000001i: elastic S-matrix  @@      0.00  0   0 F  0
 Reaction Xsec    70.0+/70 @ 1 =   0.652#, Out:   0.000#   0.795   -0.795f   0.000c
 

 Total SPIN, PARITY =    71.0 -,    4 chs,    0 cc.  Rmin & Coul turning =    2.8   21.1
   S-matrix    1 =    1.00000   0.00000 for L=   71, J=   71.0 channel on core I =   0.0 from L=   71,  Acc. loss =  0.0 D.
 Elastic phase shift   1 =    0.000   0.000 deg. for the L =   71, J =   71.0 channel.
      71.0  1.00000000  0.00000001i: elastic S-matrix  @@      0.00  0   0 F  0
 Reaction Xsec    71.0-/71 @ 1 =   0.462#, Out:   0.000#   0.766   -0.766f   0.000c
 

 Total SPIN, PARITY =    72.0 +,    4 chs,    0 cc.  Rmin & Coul turning =    2.9   21.3
   S-matrix    1 =    1.00000   0.00000 for L=   72, J=   72.0 channel on core I =   0.0 from L=   72,  Acc. loss =  0.0 D.
 Elastic phase shift   1 =    0.000   0.000 deg. for the L =   72, J =   72.0 channel.
      72.0  1.00000000  0.00000001i: elastic S-matrix  @@      0.00  0   0 F  0
 Reaction Xsec    72.0+/72 @ 1 =   0.327#, Out:   0.000#   0.739   -0.739f   0.000c
 

 Total SPIN, PARITY =    73.0 -,    4 chs,    0 cc.  Rmin & Coul turning =    2.9   21.5
   S-matrix    1 =    1.00000   0.00000 for L=   73, J=   73.0 channel on core I =   0.0 from L=   73,  Acc. loss =  0.0 D.
 Elastic phase shift   1 =    0.000   0.000 deg. for the L =   73, J =   73.0 channel.
      73.0  1.00000000  0.00000001i: elastic S-matrix  @@      0.00  0   0 F  0
 Reaction Xsec    73.0-/73 @ 1 =   0.231#, Out:   0.000#   0.713   -0.713f   0.000c
 

 Total SPIN, PARITY =    74.0 +,    4 chs,    0 cc.  Rmin & Coul turning =    3.0   21.7
   S-matrix    1 =    1.00000   0.00000 for L=   74, J=   74.0 channel on core I =   0.0 from L=   74,  Acc. loss =  0.0 D.
 Elastic phase shift   1 =    0.000   0.000 deg. for the L =   74, J =   74.0 channel.
      74.0  1.00000000  0.00000001i: elastic S-matrix  @@      0.00  0   0 F  0
 Reaction Xsec    74.0+/74 @ 1 =   0.163#, Out:   0.000#   0.688   -0.688f   0.000c
 

 Total SPIN, PARITY =    75.0 -,    4 chs,    0 cc.  Rmin & Coul turning =    3.0   21.9
   S-matrix    1 =    1.00000   0.00000 for L=   75, J=   75.0 channel on core I =   0.0 from L=   75,  Acc. loss =  0.0 D.
 Elastic phase shift   1 =    0.000   0.000 deg. for the L =   75, J =   75.0 channel.
      75.0  1.00000000  0.00000001i: elastic S-matrix  @@      0.00  0   0 F  0
 Reaction Xsec    75.0-/75 @ 1 =   0.115#, Out:   0.000#   0.663   -0.663f   0.000c
 

 Total SPIN, PARITY =    76.0 +,    4 chs,    0 cc.  Rmin & Coul turning =    3.0   22.1
   S-matrix    1 =    1.00000   0.00000 for L=   76, J=   76.0 channel on core I =   0.0 from L=   76,  Acc. loss =  0.0 D.
 Elastic phase shift   1 =    0.000   0.000 deg. for the L =   76, J =   76.0 channel.
      76.0  1.00000000  0.00000001i: elastic S-matrix  @@      0.00  0   0 F  0
 Reaction Xsec    76.0+/76 @ 1 =   0.082#, Out:   0.000#   0.640   -0.640f   0.000c
 

 Total SPIN, PARITY =    77.0 -,    4 chs,    0 cc.  Rmin & Coul turning =    3.1   22.3
   S-matrix    1 =    1.00000   0.00000 for L=   77, J=   77.0 channel on core I =   0.0 from L=   77,  Acc. loss =  0.0 D.
 Elastic phase shift   1 =    0.000   0.000 deg. for the L =   77, J =   77.0 channel.
      77.0  1.00000000  0.00000001i: elastic S-matrix  @@      0.00  0   0 F  0
 Reaction Xsec    77.0-/77 @ 1 =   0.058#, Out:   0.000#   0.617   -0.617f   0.000c
 

 Total SPIN, PARITY =    78.0 +,    4 chs,    0 cc.  Rmin & Coul turning =    3.1   22.5
   S-matrix    1 =    1.00000   0.00000 for L=   78, J=   78.0 channel on core I =   0.0 from L=   78,  Acc. loss =  0.0 D.
 Elastic phase shift   1 =    0.000   0.000 deg. for the L =   78, J =   78.0 channel.
      78.0  1.00000000  0.00000001i: elastic S-matrix  @@      0.00  0   0 F  0
 Reaction Xsec    78.0+/78 @ 1 =   0.041#, Out:   0.000#   0.596   -0.596f   0.000c
 

 Total SPIN, PARITY =    79.0 -,    4 chs,    0 cc.  Rmin & Coul turning =    3.2   22.7
   S-matrix    1 =    1.00000   0.00000 for L=   79, J=   79.0 channel on core I =   0.0 from L=   79,  Acc. loss =  0.0 D.
 Elastic phase shift   1 =    0.000   0.000 deg. for the L =   79, J =   79.0 channel.
      79.0  1.00000000  0.00000001i: elastic S-matrix  @@      0.00  0   0 F  0
 Reaction Xsec    79.0-/79 @ 1 =   0.029#, Out:   0.000#   0.575   -0.575f   0.000c
 

 Total SPIN, PARITY =    80.0 +,    4 chs,    0 cc.  Rmin & Coul turning =    3.2   22.9
   S-matrix    1 =    1.00000   0.00000 for L=   80, J=   80.0 channel on core I =   0.0 from L=   80,  Acc. loss =  0.0 D.
 Elastic phase shift   1 =    0.000   0.000 deg. for the L =   80, J =   80.0 channel.
      80.0  1.00000000  0.00000001i: elastic S-matrix  @@      0.00  0   0 F  0
 Reaction Xsec    80.0+/80 @ 1 =   0.020#, Out:   0.000#   0.555   -0.555f   0.000c
 

 Total SPIN, PARITY =    81.0 -,    4 chs,    0 cc.  Rmin & Coul turning =    3.2   23.1
   S-matrix    1 =    1.00000   0.00000 for L=   81, J=   81.0 channel on core I =   0.0 from L=   81,  Acc. loss =  0.0 D.
 Elastic phase shift   1 =    0.000   0.000 deg. for the L =   81, J =   81.0 channel.
      81.0  1.00000000  0.00000001i: elastic S-matrix  @@      0.00  0   0 F  0
 Reaction Xsec    81.0-/81 @ 1 =   0.014#, Out:   0.000#   0.535   -0.535f   0.000c
 

 Total SPIN, PARITY =    82.0 +,    4 chs,    0 cc.  Rmin & Coul turning =    3.3   23.3
   S-matrix    1 =    1.00000   0.00000 for L=   82, J=   82.0 channel on core I =   0.0 from L=   82,  Acc. loss =  0.0 D.
 Elastic phase shift   1 =    0.000   0.000 deg. for the L =   82, J =   82.0 channel.
      82.0  1.00000000  0.00000001i: elastic S-matrix  @@      0.00  0   0 F  0
 Reaction Xsec    82.0+/82 @ 1 =   0.010#, Out:   0.000#   0.517   -0.517f   0.000c
 

 Total SPIN, PARITY =    83.0 -,    4 chs,    0 cc.  Rmin & Coul turning =    3.3   23.6
   S-matrix    1 =    1.00000   0.00000 for L=   83, J=   83.0 channel on core I =   0.0 from L=   83,  Acc. loss =  0.0 D.
 Elastic phase shift   1 =    0.000   0.000 deg. for the L =   83, J =   83.0 channel.
      83.0  1.00000000  0.00000001i: elastic S-matrix  @@      0.00  0   0 F  0
 Reaction Xsec    83.0-/83 @ 1 =   0.007#, Out:   0.000#   0.499   -0.499f   0.000c
 

 Total SPIN, PARITY =    84.0 +,    4 chs,    0 cc.  Rmin & Coul turning =    3.4   23.8
   S-matrix    1 =    1.00000   0.00000 for L=   84, J=   84.0 channel on core I =   0.0 from L=   84,  Acc. loss =  0.0 D.
 Elastic phase shift   1 =    0.000   0.000 deg. for the L =   84, J =   84.0 channel.
      84.0  1.00000000  0.00000001i: elastic S-matrix  @@      0.00  0   0 F  0
 Reaction Xsec    84.0+/84 @ 1 =   0.005#, Out:   0.000#   0.482   -0.482f   0.000c
 

 Total SPIN, PARITY =    85.0 -,    4 chs,    0 cc.  Rmin & Coul turning =    3.4   24.0
   S-matrix    1 =    1.00000   0.00000 for L=   85, J=   85.0 channel on core I =   0.0 from L=   85,  Acc. loss =  0.0 D.
 Elastic phase shift   1 =    0.000   0.000 deg. for the L =   85, J =   85.0 channel.
      85.0  1.00000000  0.00000001i: elastic S-matrix  @@      0.00  0   0 F  0
 Reaction Xsec    85.0-/85 @ 1 =   0.003#, Out:   0.000#   0.465   -0.465f   0.000c
 

 Total SPIN, PARITY =    86.0 +,    4 chs,    0 cc.  Rmin & Coul turning =    3.4   24.2
   S-matrix    1 =    1.00000   0.00000 for L=   86, J=   86.0 channel on core I =   0.0 from L=   86,  Acc. loss =  0.0 D.
 Elastic phase shift   1 =    0.000   0.000 deg. for the L =   86, J =   86.0 channel.
      86.0  1.00000000  0.00000001i: elastic S-matrix  @@      0.00  0   0 F  0
 Reaction Xsec    86.0+/86 @ 1 =   0.002#, Out:   0.000#   0.449   -0.449f   0.000c
 

 Total SPIN, PARITY =    87.0 -,    4 chs,    0 cc.  Rmin & Coul turning =    3.5   24.4
   S-matrix    1 =    1.00000   0.00000 for L=   87, J=   87.0 channel on core I =   0.0 from L=   87,  Acc. loss =  0.0 D.
 Elastic phase shift   1 =    0.000   0.000 deg. for the L =   87, J =   87.0 channel.
      87.0  1.00000000  0.00000001i: elastic S-matrix  @@      0.00  0   0 F  0
 Reaction Xsec    87.0-/87 @ 1 =   0.002#, Out:   0.000#   0.434   -0.434f   0.000c
 

 Total SPIN, PARITY =    88.0 +,    4 chs,    0 cc.  Rmin & Coul turning =    3.5   24.6
   S-matrix    1 =    1.00000   0.00000 for L=   88, J=   88.0 channel on core I =   0.0 from L=   88,  Acc. loss =  0.0 D.
 Elastic phase shift   1 =    0.000   0.000 deg. for the L =   88, J =   88.0 channel.
      88.0  1.00000000  0.00000001i: elastic S-matrix  @@      0.00  0   0 F  0
 Reaction Xsec    88.0+/88 @ 1 =   0.001#, Out:   0.000#   0.419   -0.419f   0.000c
 

 Total SPIN, PARITY =    89.0 -,    4 chs,    0 cc.  Rmin & Coul turning =    3.6   24.8
   S-matrix    1 =    1.00000   0.00000 for L=   89, J=   89.0 channel on core I =   0.0 from L=   89,  Acc. loss =  0.0 D.
 Elastic phase shift   1 =    0.000   0.000 deg. for the L =   89, J =   89.0 channel.
      89.0  1.00000000  0.00000001i: elastic S-matrix  @@      0.00  0   0 F  0
 Reaction Xsec    89.0-/89 @ 1 =   0.001#, Out:   0.000#   0.405   -0.405f   0.000c
 

 Total SPIN, PARITY =    90.0 +,    4 chs,    0 cc.  Rmin & Coul turning =    3.6   25.0
   S-matrix    1 =    1.00000   0.00000 for L=   90, J=   90.0 channel on core I =   0.0 from L=   90,  Acc. loss =  0.0 D.
 Elastic phase shift   1 =    0.000   0.000 deg. for the L =   90, J =   90.0 channel.
      90.0  1.00000000  0.00000001i: elastic S-matrix  @@      0.00  0   0 F  0
 Reaction Xsec    90.0+/90 @ 1 =   0.001#, Out:   0.000#   0.391   -0.391f   0.000c
 

 Total SPIN, PARITY =    91.0 -,    4 chs,    0 cc.  Rmin & Coul turning =    3.6   25.2
   S-matrix    1 =    1.00000   0.00000 for L=   91, J=   91.0 channel on core I =   0.0 from L=   91,  Acc. loss =  0.0 D.
 Elastic phase shift   1 =    0.000   0.000 deg. for the L =   91, J =   91.0 channel.
      91.0  1.00000000  0.00000001i: elastic S-matrix  @@      0.00  0   0 F  0
 Reaction Xsec    91.0-/91 @ 1 =   0.000#, Out:   0.000#   0.378   -0.378f   0.000c
 

 Total SPIN, PARITY =    92.0 +,    4 chs,    0 cc.  Rmin & Coul turning =    3.7   25.4
   S-matrix    1 =    1.00000   0.00000 for L=   92, J=   92.0 channel on core I =   0.0 from L=   92,  Acc. loss =  0.0 D.
 Elastic phase shift   1 =    0.000   0.000 deg. for the L =   92, J =   92.0 channel.
      92.0  1.00000000  0.00000001i: elastic S-matrix  @@      0.00  0   0 F  0
 Reaction Xsec    92.0+/92 @ 1 =   0.000#, Out:   0.000#   0.365   -0.365f   0.000c
 

 Total SPIN, PARITY =    93.0 -,    4 chs,    0 cc.  Rmin & Coul turning =    3.7   25.6
   S-matrix    1 =    1.00000   0.00000 for L=   93, J=   93.0 channel on core I =   0.0 from L=   93,  Acc. loss =  0.0 D.
 Elastic phase shift   1 =    0.000   0.000 deg. for the L =   93, J =   93.0 channel.
      93.0  1.00000000  0.00000001i: elastic S-matrix  @@      0.00  0   0 F  0
 Reaction Xsec    93.0-/93 @ 1 =   0.000#, Out:   0.000#   0.353   -0.353f   0.000c
 

 Total SPIN, PARITY =    94.0 +,    4 chs,    0 cc.  Rmin & Coul turning =    3.8   25.8
   S-matrix    1 =    1.00000   0.00000 for L=   94, J=   94.0 channel on core I =   0.0 from L=   94,  Acc. loss =  0.0 D.
 Elastic phase shift   1 =    0.000   0.000 deg. for the L =   94, J =   94.0 channel.
      94.0  1.00000000  0.00000001i: elastic S-matrix  @@      0.00  0   0 F  0
 Reaction Xsec    94.0+/94 @ 1 =   0.000#, Out:   0.000#   0.341   -0.341f   0.000c
 

 Total SPIN, PARITY =    95.0 -,    4 chs,    0 cc.  Rmin & Coul turning =    3.8   26.1
   S-matrix    1 =    1.00000   0.00000 for L=   95, J=   95.0 channel on core I =   0.0 from L=   95,  Acc. loss =  0.0 D.
 Elastic phase shift   1 =    0.000   0.000 deg. for the L =   95, J =   95.0 channel.
      95.0  1.00000000  0.00000001i: elastic S-matrix  @@      0.00  0   0 F  0
 Reaction Xsec    95.0-/95 @ 1 =   0.000#, Out:   0.000#   0.329   -0.329f   0.000c
 

 Total SPIN, PARITY =    96.0 +,    4 chs,    0 cc.  Rmin & Coul turning =    3.8   26.3
   S-matrix    1 =    1.00000   0.00000 for L=   96, J=   96.0 channel on core I =   0.0 from L=   96,  Acc. loss =  0.0 D.
 Elastic phase shift   1 =    0.000   0.000 deg. for the L =   96, J =   96.0 channel.
      96.0  1.00000000  0.00000001i: elastic S-matrix  @@      0.00  0   0 F  0
 Reaction Xsec    96.0+/96 @ 1 =   0.000#, Out:   0.000#   0.318   -0.318f   0.000c
 

 Total SPIN, PARITY =    97.0 -,    4 chs,    0 cc.  Rmin & Coul turning =    3.9   26.5
   S-matrix    1 =    1.00000   0.00000 for L=   97, J=   97.0 channel on core I =   0.0 from L=   97,  Acc. loss =  0.0 D.
 Elastic phase shift   1 =    0.000   0.000 deg. for the L =   97, J =   97.0 channel.
      97.0  1.00000000  0.00000001i: elastic S-matrix  @@      0.00  0   0 F  0
 Reaction Xsec    97.0-/97 @ 1 =   0.000#, Out:   0.000#   0.308   -0.308f   0.000c
 

 Total SPIN, PARITY =    98.0 +,    4 chs,    0 cc.  Rmin & Coul turning =    3.9   26.7
   S-matrix    1 =    1.00000   0.00000 for L=   98, J=   98.0 channel on core I =   0.0 from L=   98,  Acc. loss =  0.0 D.
 Elastic phase shift   1 =    0.000   0.000 deg. for the L =   98, J =   98.0 channel.
      98.0  1.00000000  0.00000001i: elastic S-matrix  @@      0.00  0   0 F  0
 Reaction Xsec    98.0+/98 @ 1 =   0.000#, Out:   0.000#   0.297   -0.297f   0.000c
 

 Total SPIN, PARITY =    99.0 -,    4 chs,    0 cc.  Rmin & Coul turning =    4.0   26.9
   S-matrix    1 =    1.00000   0.00000 for L=   99, J=   99.0 channel on core I =   0.0 from L=   99,  Acc. loss =  0.0 D.
 Elastic phase shift   1 =    0.000   0.000 deg. for the L =   99, J =   99.0 channel.
      99.0  1.00000000  0.00000001i: elastic S-matrix  @@      0.00  0   0 F  0
 Reaction Xsec    99.0-/99 @ 1 =   0.000#, Out:   0.000#   0.287   -0.287f   0.000c
 

 Total SPIN, PARITY =   100.0 +,    4 chs,    0 cc.  Rmin & Coul turning =    4.0   27.1
   S-matrix    1 =    1.00000   0.00000 for L=  100, J=  100.0 channel on core I =   0.0 from L=  100,  Acc. loss =  0.0 D.
 Elastic phase shift   1 =    0.000   0.000 deg. for the L =  100, J =  100.0 channel.
     100.0  1.00000000  0.00000001i: elastic S-matrix  @@      0.00  0   0 F  0
 Reaction Xsec   100.0+/ 0 @ 1 =   0.000#, Out:   0.000#   0.278   -0.278f   0.000c
 

 Total SPIN, PARITY =   101.0 -,    4 chs,    0 cc.  Rmin & Coul turning =    4.0   27.3
   S-matrix    1 =    1.00000   0.00000 for L=  101, J=  101.0 channel on core I =   0.0 from L=  101,  Acc. loss =  0.0 D.
 Elastic phase shift   1 =    0.000  -0.000 deg. for the L =  101, J =  101.0 channel.
     101.0  1.00000000  0.00000001i: elastic S-matrix  @@      0.00  0   0 F  0
 Reaction Xsec   101.0-/ 1 @ 1 =  -0.000#, Out:   0.000#   0.268   -0.268f   0.000c
 

 Total SPIN, PARITY =   102.0 +,    4 chs,    0 cc.  Rmin & Coul turning =    4.1   27.5
   S-matrix    1 =    1.00000   0.00000 for L=  102, J=  102.0 channel on core I =   0.0 from L=  102,  Acc. loss =  0.0 D.
 Elastic phase shift   1 =    0.000  -0.000 deg. for the L =  102, J =  102.0 channel.
     102.0  1.00000000  0.00000001i: elastic S-matrix  @@      0.00  0   0 F  0
 Reaction Xsec   102.0+/ 2 @ 1 =  -0.000#, Out:   0.000#   0.260   -0.260f   0.000c
 

 Total SPIN, PARITY =   103.0 -,    4 chs,    0 cc.  Rmin & Coul turning =    4.1   27.7
   S-matrix    1 =    1.00000   0.00000 for L=  103, J=  103.0 channel on core I =   0.0 from L=  103,  Acc. loss =  0.0 D.
 Elastic phase shift   1 =    0.000   0.000 deg. for the L =  103, J =  103.0 channel.
     103.0  1.00000000  0.00000001i: elastic S-matrix  @@      0.00  0   0 F  0
 Reaction Xsec   103.0-/ 3 @ 1 =   0.000#, Out:   0.000#   0.251   -0.251f   0.000c
 

 Total SPIN, PARITY =   104.0 +,    4 chs,    0 cc.  Rmin & Coul turning =    4.2   27.9
   S-matrix    1 =    1.00000   0.00000 for L=  104, J=  104.0 channel on core I =   0.0 from L=  104,  Acc. loss =  0.0 D.
 Elastic phase shift   1 =    0.000  -0.000 deg. for the L =  104, J =  104.0 channel.
     104.0  1.00000000  0.00000001i: elastic S-matrix  @@      0.00  0   0 F  0
 Reaction Xsec   104.0+/ 4 @ 1 =  -0.000#, Out:   0.000#   0.243   -0.243f   0.000c
 
 Finished all CC sets @   0.1065680    
0CUMULATIVE REACTION cross section                 =  262.16252  <L> =    10.12  <L**2> =    129.5
0CUMULATIVE outgoing cross sections in partition 1 :    0.00000  147.80378
0Cumulative ABSORBTION by Imaginary Potentials     =  114.35874  <L> =   -27.84  <L**2> =  -2313.4
   Fusion for specific 16O      M-states :  114.358743
0CUMULATIVE OUTGOING cross section                 =  147.80378
0Cumulative ABSORBTION in state   1 by Imaginary Potential  1   =  262.16237  <L> =    10.12  <L**2> =    129.5
 To convert to S-factors (MeV.mb = keV.b),  multiply by  5.5042E+63


 CROSS SECTIONS FOR OUTGOING 16O      & 64Zn     in state #   1 with spins & parities 0.0  + & 0.0  +;  0

    10.00 deg.: X-S =   1.0441E+06 mb/sr,
+                                         /R =   1.0000E+00
    11.00 deg.: X-S =   7.1389E+05 mb/sr,
+                                         /R =   1.0000E+00
    12.00 deg.: X-S =   5.0464E+05 mb/sr,
+                                         /R =   1.0000E+00
    13.00 deg.: X-S =   3.6685E+05 mb/sr,
+                                         /R =   1.0000E+00
    14.00 deg.: X-S =   2.7311E+05 mb/sr,
+                                         /R =   1.0000E+00
    15.00 deg.: X-S =   2.0755E+05 mb/sr,
+                                         /R =   1.0000E+00
    16.00 deg.: X-S =   1.6058E+05 mb/sr,
+                                         /R =   1.0000E+00
    17.00 deg.: X-S =   1.2622E+05 mb/sr,
+                                         /R =   1.0000E+00
    18.00 deg.: X-S =   1.0060E+05 mb/sr,
+                                         /R =   1.0000E+00
    19.00 deg.: X-S =   8.1187E+04 mb/sr,
+                                         /R =   1.0000E+00
    20.00 deg.: X-S =   6.6258E+04 mb/sr,
+                                         /R =   1.0000E+00
    21.00 deg.: X-S =   5.4625E+04 mb/sr,
+                                         /R =   1.0000E+00
    22.00 deg.: X-S =   4.5449E+04 mb/sr,
+                                         /R =   1.0000E+00
    23.00 deg.: X-S =   3.8133E+04 mb/sr,
+                                         /R =   9.9999E-01
    24.00 deg.: X-S =   3.2241E+04 mb/sr,
+                                         /R =   1.0000E+00
    25.00 deg.: X-S =   2.7452E+04 mb/sr,
+                                         /R =   1.0000E+00
    26.00 deg.: X-S =   2.3527E+04 mb/sr,
+                                         /R =   1.0000E+00
    27.00 deg.: X-S =   2.0285E+04 mb/sr,
+                                         /R =   9.9999E-01
    28.00 deg.: X-S =   1.7588E+04 mb/sr,
+                                         /R =   9.9999E-01
    29.00 deg.: X-S =   1.5330E+04 mb/sr,
+                                         /R =   1.0000E+00
    30.00 deg.: X-S =   1.3426E+04 mb/sr,
+                                         /R =   1.0000E+00
    31.00 deg.: X-S =   1.1812E+04 mb/sr,
+                                         /R =   1.0000E+00
    32.00 deg.: X-S =   1.0437E+04 mb/sr,
+                                         /R =   9.9997E-01
    33.00 deg.: X-S =  9258.572567 mb/sr,
+                                         /R =   9.9998E-01
    34.00 deg.: X-S =  8244.924515 mb/sr,
+                                         /R =   1.0000E+00
    35.00 deg.: X-S =  7368.424186 mb/sr,
+                                         /R =   1.0000E+00
    36.00 deg.: X-S =  6607.038952 mb/sr,
+                                         /R =   1.0000E+00
    37.00 deg.: X-S =  5943.016534 mb/sr,
+                                         /R =   9.9998E-01
    38.00 deg.: X-S =  5361.944348 mb/sr,
+                                         /R =   9.9993E-01
    39.00 deg.: X-S =  4851.858448 mb/sr,
+                                         /R =   9.9993E-01
    40.00 deg.: X-S =  4402.599432 mb/sr,
+                                         /R =   9.9999E-01
    41.00 deg.: X-S =  4005.471791 mb/sr,
+                                         /R =   1.0001E+00
    42.00 deg.: X-S =  3653.108216 mb/sr,
+                                         /R =   1.0001E+00
    43.00 deg.: X-S =  3339.385235 mb/sr,
+                                         /R =   1.0001E+00
    44.00 deg.: X-S =  3059.283789 mb/sr,
+                                         /R =   1.0000E+00
    45.00 deg.: X-S =  2808.674861 mb/sr,
+                                         /R =   9.9986E-01
    46.00 deg.: X-S =  2584.076267 mb/sr,
+                                         /R =   9.9976E-01
    47.00 deg.: X-S =  2382.444156 mb/sr,
+                                         /R =   9.9977E-01
    48.00 deg.: X-S =  2201.041438 mb/sr,
+                                         /R =   9.9991E-01
    49.00 deg.: X-S =  2037.388195 mb/sr,
+                                         /R =   1.0001E+00
    50.00 deg.: X-S =  1889.269498 mb/sr,
+                                         /R =   1.0004E+00
    51.00 deg.: X-S =  1754.763770 mb/sr,
+                                         /R =   1.0005E+00
    52.00 deg.: X-S =  1632.259656 mb/sr,
+                                         /R =   1.0005E+00
    53.00 deg.: X-S =  1520.443963 mb/sr,
+                                         /R =   1.0004E+00
    54.00 deg.: X-S =  1418.259022 mb/sr,
+                                         /R =   1.0000E+00
    55.00 deg.: X-S =  1324.839719 mb/sr,
+                                         /R =   9.9969E-01
    56.00 deg.: X-S =  1239.445245 mb/sr,
+                                         /R =   9.9941E-01
    57.00 deg.: X-S =  1161.399827 mb/sr,
+                                         /R =   9.9934E-01
    58.00 deg.: X-S =  1090.051813 mb/sr,
+                                         /R =   9.9956E-01
    59.00 deg.: X-S =  1024.754357 mb/sr,
+                                         /R =   1.0001E+00
    60.00 deg.: X-S =   964.865670 mb/sr,
+                                         /R =   1.0010E+00
    61.00 deg.: X-S =   909.763063 mb/sr,
+                                         /R =   1.0020E+00
    62.00 deg.: X-S =   858.863809 mb/sr,
+                                         /R =   1.0031E+00
    63.00 deg.: X-S =   811.646130 mb/sr,
+                                         /R =   1.0041E+00
    64.00 deg.: X-S =   767.665273 mb/sr,
+                                         /R =   1.0048E+00
    65.00 deg.: X-S =   726.561829 mb/sr,
+                                         /R =   1.0051E+00
    66.00 deg.: X-S =   688.061445 mb/sr,
+                                         /R =   1.0049E+00
    67.00 deg.: X-S =   651.966842 mb/sr,
+                                         /R =   1.0043E+00
    68.00 deg.: X-S =   618.144091 mb/sr,
+                                         /R =   1.0033E+00
    69.00 deg.: X-S =   586.505558 mb/sr,
+                                         /R =   1.0020E+00
    70.00 deg.: X-S =   556.992000 mb/sr,
+                                         /R =   1.0007E+00
    71.00 deg.: X-S =   529.555830 mb/sr,
+                                         /R =   9.9956E-01
    72.00 deg.: X-S =   504.147089 mb/sr,
+                                         /R =   9.9887E-01
    73.00 deg.: X-S =   480.703022 mb/sr,
+                                         /R =   9.9886E-01
    74.00 deg.: X-S =   459.141524 mb/sr,
+                                         /R =   9.9972E-01
    75.00 deg.: X-S =   439.358349 mb/sr,
+                                         /R =   1.0016E+00
    76.00 deg.: X-S =   421.227532 mb/sr,
+                                         /R =   1.0045E+00
    77.00 deg.: X-S =   404.604333 mb/sr,
+                                         /R =   1.0086E+00
    78.00 deg.: X-S =   389.329946 mb/sr,
+                                         /R =   1.0136E+00
    79.00 deg.: X-S =   375.237179 mb/sr,
+                                         /R =   1.0196E+00
    80.00 deg.: X-S =   362.156444 mb/sr,
+                                         /R =   1.0262E+00
    81.00 deg.: X-S =   349.921505 mb/sr,
+                                         /R =   1.0333E+00
    82.00 deg.: X-S =   338.374577 mb/sr,
+                                         /R =   1.0405E+00
    83.00 deg.: X-S =   327.370512 mb/sr,
+                                         /R =   1.0476E+00
    84.00 deg.: X-S =   316.779950 mb/sr,
+                                         /R =   1.0541E+00
    85.00 deg.: X-S =   306.491370 mb/sr,
+                                         /R =   1.0598E+00
    86.00 deg.: X-S =   296.412138 mb/sr,
+                                         /R =   1.0644E+00
    87.00 deg.: X-S =   286.468627 mb/sr,
+                                         /R =   1.0676E+00
    88.00 deg.: X-S =   276.605574 mb/sr,
+                                         /R =   1.0691E+00
    89.00 deg.: X-S =   266.784839 mb/sr,
+                                         /R =   1.0688E+00
    90.00 deg.: X-S =   256.983714 mb/sr,
+                                         /R =   1.0664E+00
    91.00 deg.: X-S =   247.192943 mb/sr,
+                                         /R =   1.0619E+00
    92.00 deg.: X-S =   237.414605 mb/sr,
+                                         /R =   1.0552E+00
    93.00 deg.: X-S =   227.659962 mb/sr,
+                                         /R =   1.0462E+00
    94.00 deg.: X-S =   217.947360 mb/sr,
+                                         /R =   1.0350E+00
    95.00 deg.: X-S =   208.300269 mb/sr,
+                                         /R =   1.0216E+00
    96.00 deg.: X-S =   198.745507 mb/sr,
+                                         /R =   1.0062E+00
    97.00 deg.: X-S =   189.311673 mb/sr,
+                                         /R =   9.8874E-01
    98.00 deg.: X-S =   180.027818 mb/sr,
+                                         /R =   9.6948E-01
    99.00 deg.: X-S =   170.922328 mb/sr,
+                                         /R =   9.4855E-01
   100.00 deg.: X-S =   162.022056 mb/sr,
+                                         /R =   9.2612E-01
   101.00 deg.: X-S =   153.351648 mb/sr,
+                                         /R =   9.0238E-01
   102.00 deg.: X-S =   144.933057 mb/sr,
+                                         /R =   8.7752E-01
   103.00 deg.: X-S =   136.785240 mb/sr,
+                                         /R =   8.5172E-01
   104.00 deg.: X-S =   128.923981 mb/sr,
+                                         /R =   8.2517E-01
   105.00 deg.: X-S =   121.361846 mb/sr,
+                                         /R =   7.9805E-01
   106.00 deg.: X-S =   114.108233 mb/sr,
+                                         /R =   7.7053E-01
   107.00 deg.: X-S =   107.169499 mb/sr,
+                                         /R =   7.4279E-01
   108.00 deg.: X-S =   100.549139 mb/sr,
+                                         /R =   7.1497E-01
   109.00 deg.: X-S =    94.248019 mb/sr,
+                                         /R =   6.8722E-01
   110.00 deg.: X-S =    88.264623 mb/sr,
+                                         /R =   6.5967E-01
   111.00 deg.: X-S =    82.595320 mb/sr,
+                                         /R =   6.3243E-01
   112.00 deg.: X-S =    77.234633 mb/sr,
+                                         /R =   6.0560E-01
   113.00 deg.: X-S =    72.175513 mb/sr,
+                                         /R =   5.7929E-01
   114.00 deg.: X-S =    67.409589 mb/sr,
+                                         /R =   5.5356E-01
   115.00 deg.: X-S =    62.927420 mb/sr,
+                                         /R =   5.2849E-01
   116.00 deg.: X-S =    58.718716 mb/sr,
+                                         /R =   5.0412E-01
   117.00 deg.: X-S =    54.772547 mb/sr,
+                                         /R =   4.8051E-01
   118.00 deg.: X-S =    51.077536 mb/sr,
+                                         /R =   4.5769E-01
   119.00 deg.: X-S =    47.622018 mb/sr,
+                                         /R =   4.3568E-01
   120.00 deg.: X-S =    44.394192 mb/sr,
+                                         /R =   4.1450E-01
   121.00 deg.: X-S =    41.382247 mb/sr,
+                                         /R =   3.9417E-01
   122.00 deg.: X-S =    38.574469 mb/sr,
+                                         /R =   3.7468E-01
   123.00 deg.: X-S =    35.959332 mb/sr,
+                                         /R =   3.5603E-01
   124.00 deg.: X-S =    33.525576 mb/sr,
+                                         /R =   3.3822E-01
   125.00 deg.: X-S =    31.262265 mb/sr,
+                                         /R =   3.2123E-01
   126.00 deg.: X-S =    29.158833 mb/sr,
+                                         /R =   3.0505E-01
   127.00 deg.: X-S =    27.205124 mb/sr,
+                                         /R =   2.8966E-01
   128.00 deg.: X-S =    25.391417 mb/sr,
+                                         /R =   2.7505E-01
   129.00 deg.: X-S =    23.708440 mb/sr,
+                                         /R =   2.6118E-01
   130.00 deg.: X-S =    22.147383 mb/sr,
+                                         /R =   2.4803E-01
   131.00 deg.: X-S =    20.699903 mb/sr,
+                                         /R =   2.3558E-01
   132.00 deg.: X-S =    19.358115 mb/sr,
+                                         /R =   2.2380E-01
   133.00 deg.: X-S =    18.114594 mb/sr,
+                                         /R =   2.1267E-01
   134.00 deg.: X-S =    16.962359 mb/sr,
+                                         /R =   2.0215E-01
   135.00 deg.: X-S =    15.894865 mb/sr,
+                                         /R =   1.9222E-01
   136.00 deg.: X-S =    14.905983 mb/sr,
+                                         /R =   1.8285E-01
   137.00 deg.: X-S =    13.989987 mb/sr,
+                                         /R =   1.7402E-01
   138.00 deg.: X-S =    13.141538 mb/sr,
+                                         /R =   1.6570E-01
   139.00 deg.: X-S =    12.355659 mb/sr,
+                                         /R =   1.5787E-01
   140.00 deg.: X-S =    11.627723 mb/sr,
+                                         /R =   1.5049E-01
   141.00 deg.: X-S =    10.953433 mb/sr,
+                                         /R =   1.4355E-01
   142.00 deg.: X-S =    10.328797 mb/sr,
+                                         /R =   1.3703E-01
   143.00 deg.: X-S =     9.750120 mb/sr,
+                                         /R =   1.3089E-01
   144.00 deg.: X-S =     9.213976 mb/sr,
+                                         /R =   1.2513E-01
   145.00 deg.: X-S =     8.717198 mb/sr,
+                                         /R =   1.1971E-01
   146.00 deg.: X-S =     8.256855 mb/sr,
+                                         /R =   1.1462E-01
   147.00 deg.: X-S =     7.830242 mb/sr,
+                                         /R =   1.0985E-01
   148.00 deg.: X-S =     7.434861 mb/sr,
+                                         /R =   1.0537E-01
   149.00 deg.: X-S =     7.068406 mb/sr,
+                                         /R =   1.0117E-01
   150.00 deg.: X-S =     6.728753 mb/sr,
+                                         /R =   9.7227E-02
   151.00 deg.: X-S =     6.413942 mb/sr,
+                                         /R =   9.3534E-02
   152.00 deg.: X-S =     6.122170 mb/sr,
+                                         /R =   9.0074E-02
   153.00 deg.: X-S =     5.851777 mb/sr,
+                                         /R =   8.6835E-02
   154.00 deg.: X-S =     5.601235 mb/sr,
+                                         /R =   8.3803E-02
   155.00 deg.: X-S =     5.369137 mb/sr,
+                                         /R =   8.0967E-02
   156.00 deg.: X-S =     5.154195 mb/sr,
+                                         /R =   7.8317E-02
   157.00 deg.: X-S =     4.955220 mb/sr,
+                                         /R =   7.5843E-02
   158.00 deg.: X-S =     4.771125 mb/sr,
+                                         /R =   7.3534E-02
   159.00 deg.: X-S =     4.600910 mb/sr,
+                                         /R =   7.1382E-02
   160.00 deg.: X-S =     4.443660 mb/sr,
+                                         /R =   6.9379E-02
   161.00 deg.: X-S =     4.298537 mb/sr,
+                                         /R =   6.7517E-02
   162.00 deg.: X-S =     4.164772 mb/sr,
+                                         /R =   6.5788E-02
   163.00 deg.: X-S =     4.041666 mb/sr,
+                                         /R =   6.4188E-02
   164.00 deg.: X-S =     3.928579 mb/sr,
+                                         /R =   6.2708E-02
   165.00 deg.: X-S =     3.824928 mb/sr,
+                                         /R =   6.1345E-02
   166.00 deg.: X-S =     3.730183 mb/sr,
+                                         /R =   6.0091E-02
   167.00 deg.: X-S =     3.643864 mb/sr,
+                                         /R =   5.8944E-02
   168.00 deg.: X-S =     3.565538 mb/sr,
+                                         /R =   5.7898E-02
   169.00 deg.: X-S =     3.494812 mb/sr,
+                                         /R =   5.6949E-02
   170.00 deg.: X-S =     3.431336 mb/sr,
+                                         /R =   5.6094E-02
   171.00 deg.: X-S =     3.374799 mb/sr,
+                                         /R =   5.5330E-02
   172.00 deg.: X-S =     3.324921 mb/sr,
+                                         /R =   5.4654E-02
   173.00 deg.: X-S =     3.281462 mb/sr,
+                                         /R =   5.4063E-02
   174.00 deg.: X-S =     3.244211 mb/sr,
+                                         /R =   5.3556E-02
   175.00 deg.: X-S =     3.212987 mb/sr,
+                                         /R =   5.3129E-02
   176.00 deg.: X-S =     3.187642 mb/sr,
+                                         /R =   5.2782E-02
   177.00 deg.: X-S =     3.168053 mb/sr,
+                                         /R =   5.2514E-02
   178.00 deg.: X-S =     3.154127 mb/sr,
+                                         /R =   5.2323E-02
   179.00 deg.: X-S =     3.145798 mb/sr,
+                                         /R =   5.2209E-02
   179.99 deg.: X-S =     3.143025 mb/sr,
+                                         /R =   5.2171E-02

 CROSS SECTIONS FOR OUTGOING 16O      & 64Zn     in state #   2 with spins & parities 0.0  + & 2.0  +;  0

    10.00 deg.: X-S =     0.565625 mb/sr,
+                                         REAC   1.4780E+02 mb
    11.00 deg.: X-S =     0.633457 mb/sr,
    12.00 deg.: X-S =     0.671506 mb/sr,
    13.00 deg.: X-S =     0.648226 mb/sr,
    14.00 deg.: X-S =     0.798307 mb/sr,
    15.00 deg.: X-S =     0.754477 mb/sr,
    16.00 deg.: X-S =     0.992820 mb/sr,
    17.00 deg.: X-S =     1.046913 mb/sr,
    18.00 deg.: X-S =     1.256765 mb/sr,
    19.00 deg.: X-S =     1.588174 mb/sr,
    20.00 deg.: X-S =     1.851382 mb/sr,
    21.00 deg.: X-S =     2.490032 mb/sr,
    22.00 deg.: X-S =     3.003485 mb/sr,
    23.00 deg.: X-S =     4.141985 mb/sr,
    24.00 deg.: X-S =     5.261728 mb/sr,
    25.00 deg.: X-S =     6.978758 mb/sr,
    26.00 deg.: X-S =     9.187343 mb/sr,
    27.00 deg.: X-S =    11.804762 mb/sr,
    28.00 deg.: X-S =    15.225547 mb/sr,
    29.00 deg.: X-S =    18.565738 mb/sr,
    30.00 deg.: X-S =    22.826502 mb/sr,
    31.00 deg.: X-S =    26.126685 mb/sr,
    32.00 deg.: X-S =    29.508556 mb/sr,
    33.00 deg.: X-S =    30.844214 mb/sr,
    34.00 deg.: X-S =    31.572076 mb/sr,
    35.00 deg.: X-S =    29.882800 mb/sr,
    36.00 deg.: X-S =    27.665150 mb/sr,
    37.00 deg.: X-S =    24.226413 mb/sr,
    38.00 deg.: X-S =    22.110698 mb/sr,
    39.00 deg.: X-S =    20.878274 mb/sr,
    40.00 deg.: X-S =    22.036989 mb/sr,
    41.00 deg.: X-S =    23.906042 mb/sr,
    42.00 deg.: X-S =    26.218561 mb/sr,
    43.00 deg.: X-S =    27.029819 mb/sr,
    44.00 deg.: X-S =    26.222170 mb/sr,
    45.00 deg.: X-S =    24.219286 mb/sr,
    46.00 deg.: X-S =    21.999600 mb/sr,
    47.00 deg.: X-S =    21.468277 mb/sr,
    48.00 deg.: X-S =    22.068023 mb/sr,
    49.00 deg.: X-S =    23.962321 mb/sr,
    50.00 deg.: X-S =    24.683615 mb/sr,
    51.00 deg.: X-S =    24.095608 mb/sr,
    52.00 deg.: X-S =    22.305383 mb/sr,
    53.00 deg.: X-S =    20.649397 mb/sr,
    54.00 deg.: X-S =    20.790122 mb/sr,
    55.00 deg.: X-S =    21.705031 mb/sr,
    56.00 deg.: X-S =    22.883080 mb/sr,
    57.00 deg.: X-S =    22.486968 mb/sr,
    58.00 deg.: X-S =    20.979922 mb/sr,
    59.00 deg.: X-S =    19.954221 mb/sr,
    60.00 deg.: X-S =    19.895949 mb/sr,
    61.00 deg.: X-S =    21.143204 mb/sr,
    62.00 deg.: X-S =    21.636312 mb/sr,
    63.00 deg.: X-S =    20.752892 mb/sr,
    64.00 deg.: X-S =    19.462192 mb/sr,
    65.00 deg.: X-S =    18.634331 mb/sr,
    66.00 deg.: X-S =    19.252378 mb/sr,
    67.00 deg.: X-S =    19.817531 mb/sr,
    68.00 deg.: X-S =    19.223646 mb/sr,
    69.00 deg.: X-S =    18.148072 mb/sr,
    70.00 deg.: X-S =    17.348423 mb/sr,
    71.00 deg.: X-S =    17.887203 mb/sr,
    72.00 deg.: X-S =    18.780746 mb/sr,
    73.00 deg.: X-S =    18.530077 mb/sr,
    74.00 deg.: X-S =    17.794461 mb/sr,
    75.00 deg.: X-S =    17.378215 mb/sr,
    76.00 deg.: X-S =    17.895239 mb/sr,
    77.00 deg.: X-S =    18.734036 mb/sr,
    78.00 deg.: X-S =    18.311803 mb/sr,
    79.00 deg.: X-S =    17.355011 mb/sr,
    80.00 deg.: X-S =    17.154173 mb/sr,
    81.00 deg.: X-S =    17.500533 mb/sr,
    82.00 deg.: X-S =    17.682428 mb/sr,
    83.00 deg.: X-S =    16.870717 mb/sr,
    84.00 deg.: X-S =    15.724771 mb/sr,
    85.00 deg.: X-S =    15.578115 mb/sr,
    86.00 deg.: X-S =    15.710719 mb/sr,
    87.00 deg.: X-S =    15.027984 mb/sr,
    88.00 deg.: X-S =    13.849101 mb/sr,
    89.00 deg.: X-S =    12.972454 mb/sr,
    90.00 deg.: X-S =    12.774106 mb/sr,
    91.00 deg.: X-S =    12.477406 mb/sr,
    92.00 deg.: X-S =    11.344563 mb/sr,
    93.00 deg.: X-S =    10.254726 mb/sr,
    94.00 deg.: X-S =     9.919001 mb/sr,
    95.00 deg.: X-S =     9.701439 mb/sr,
    96.00 deg.: X-S =     9.032442 mb/sr,
    97.00 deg.: X-S =     8.092987 mb/sr,
    98.00 deg.: X-S =     7.583945 mb/sr,
    99.00 deg.: X-S =     7.630562 mb/sr,
   100.00 deg.: X-S =     7.331655 mb/sr,
   101.00 deg.: X-S =     6.576994 mb/sr,
   102.00 deg.: X-S =     6.211386 mb/sr,
   103.00 deg.: X-S =     6.272742 mb/sr,
   104.00 deg.: X-S =     6.200123 mb/sr,
   105.00 deg.: X-S =     5.811710 mb/sr,
   106.00 deg.: X-S =     5.397151 mb/sr,
   107.00 deg.: X-S =     5.437501 mb/sr,
   108.00 deg.: X-S =     5.654433 mb/sr,
   109.00 deg.: X-S =     5.324110 mb/sr,
   110.00 deg.: X-S =     4.918468 mb/sr,
   111.00 deg.: X-S =     5.101742 mb/sr,
   112.00 deg.: X-S =     5.263640 mb/sr,
   113.00 deg.: X-S =     5.006458 mb/sr,
   114.00 deg.: X-S =     4.799146 mb/sr,
   115.00 deg.: X-S =     4.848420 mb/sr,
   116.00 deg.: X-S =     4.989153 mb/sr,
   117.00 deg.: X-S =     4.952496 mb/sr,
   118.00 deg.: X-S =     4.664355 mb/sr,
   119.00 deg.: X-S =     4.638908 mb/sr,
   120.00 deg.: X-S =     4.946073 mb/sr,
   121.00 deg.: X-S =     4.830195 mb/sr,
   122.00 deg.: X-S =     4.463028 mb/sr,
   123.00 deg.: X-S =     4.611477 mb/sr,
   124.00 deg.: X-S =     4.824583 mb/sr,
   125.00 deg.: X-S =     4.566261 mb/sr,
   126.00 deg.: X-S =     4.376592 mb/sr,
   127.00 deg.: X-S =     4.502103 mb/sr,
   128.00 deg.: X-S =     4.525223 mb/sr,
   129.00 deg.: X-S =     4.370274 mb/sr,
   130.00 deg.: X-S =     4.223340 mb/sr,
   131.00 deg.: X-S =     4.192274 mb/sr,
   132.00 deg.: X-S =     4.269677 mb/sr,
   133.00 deg.: X-S =     4.148945 mb/sr,
   134.00 deg.: X-S =     3.865254 mb/sr,
   135.00 deg.: X-S =     3.911584 mb/sr,
   136.00 deg.: X-S =     4.042066 mb/sr,
   137.00 deg.: X-S =     3.743299 mb/sr,
   138.00 deg.: X-S =     3.515954 mb/sr,
   139.00 deg.: X-S =     3.718613 mb/sr,
   140.00 deg.: X-S =     3.672404 mb/sr,
   141.00 deg.: X-S =     3.307435 mb/sr,
   142.00 deg.: X-S =     3.308635 mb/sr,
   143.00 deg.: X-S =     3.449517 mb/sr,
   144.00 deg.: X-S =     3.227300 mb/sr,
   145.00 deg.: X-S =     3.027980 mb/sr,
   146.00 deg.: X-S =     3.110211 mb/sr,
   147.00 deg.: X-S =     3.085449 mb/sr,
   148.00 deg.: X-S =     2.899848 mb/sr,
   149.00 deg.: X-S =     2.834215 mb/sr,
   150.00 deg.: X-S =     2.833448 mb/sr,
   151.00 deg.: X-S =     2.782434 mb/sr,
   152.00 deg.: X-S =     2.697761 mb/sr,
   153.00 deg.: X-S =     2.594618 mb/sr,
   154.00 deg.: X-S =     2.580083 mb/sr,
   155.00 deg.: X-S =     2.610002 mb/sr,
   156.00 deg.: X-S =     2.481249 mb/sr,
   157.00 deg.: X-S =     2.350369 mb/sr,
   158.00 deg.: X-S =     2.454892 mb/sr,
   159.00 deg.: X-S =     2.460344 mb/sr,
   160.00 deg.: X-S =     2.215603 mb/sr,
   161.00 deg.: X-S =     2.226917 mb/sr,
   162.00 deg.: X-S =     2.411730 mb/sr,
   163.00 deg.: X-S =     2.223893 mb/sr,
   164.00 deg.: X-S =     2.019190 mb/sr,
   165.00 deg.: X-S =     2.249244 mb/sr,
   166.00 deg.: X-S =     2.304991 mb/sr,
   167.00 deg.: X-S =     1.954227 mb/sr,
   168.00 deg.: X-S =     2.006282 mb/sr,
   169.00 deg.: X-S =     2.311471 mb/sr,
   170.00 deg.: X-S =     2.056367 mb/sr,
   171.00 deg.: X-S =     1.799400 mb/sr,
   172.00 deg.: X-S =     2.165236 mb/sr,
   173.00 deg.: X-S =     2.255874 mb/sr,
   174.00 deg.: X-S =     1.756268 mb/sr,
   175.00 deg.: X-S =     1.891831 mb/sr,
   176.00 deg.: X-S =     2.414867 mb/sr,
   177.00 deg.: X-S =     1.979927 mb/sr,
   178.00 deg.: X-S =     1.553419 mb/sr,
   179.00 deg.: X-S =     2.620761 mb/sr,
   180.00 deg.: X-S =     3.521368 mb/sr,
 Finished all xsecs @   0.1094990    

 BPM: Using the real scalar part of the  Elastic Channel Potential

 Incident energy (cm) =  35.200. Fusion inside radius of   6.512 fm.

0Cumulative FUSION cross section by BPM (case 1)   =  0.170E+03  <L> =     8.09  <L**2> =     78.0
0Fusion at  44.000 MeV: Bare =  1.705E+02, Actual =  1.144E+02

  The following files have been created:
   3:local copy of User input.            6:standard output.                   
   7:elastic  S-matrix elements.         13:total cross sections/state.        
  16:tables of cross sections.           35:Astrophysics S-factors  / Ecm.     
  38:cross sections for each J/pi.       39:cross sections for each Ecm.       
  40:all cross sectns. for each Elab.    45:scat phase shift as E functions.   
  56:Fusion for each Jtotal.             75:S-factors for lab energies.        
 201:Separate cross sections.           202:Separate cross sections.           

 PARAMETERS : MAXQRN   MFNL   MLOC  LMAX1 MCLIST
    ALLOWED :      1     16      6    320     11
    REQUIRED:      0      0      6    107      6


 ACCURACY ANALYSIS at    44.000 MeV :

  Elastic h*k = 0.116 so OK       compared with 0.200

   Real(S-el) > 0.01 first at J =       1.0
   Real(S-el) > 0.10 first at J =       1.0
   Real(S-el) > 0.50 first at J =      11.0
   Real(S-el) > 0.90 first at J =      17.0
   Real(S-el) > 0.99 first at J =      24.0
   R-turn =    27.95 fm    at J =     104.0

 Forward-angle excitation cut off below  24.993 deg by max JT =     104.0
                              and below   5.625 deg by max R.

 Total CPU  0 time =       0.11 seconds
